[ 2015-08-21T00:54:27+08:00 ] 127.0.0.1 /xdkc/
INFO: [ app_init ] --START--
INFO: Run Behavior\BuildLiteBehavior [ RunTime:0.000053s ]
INFO: [ app_init ] --END-- [ RunTime:0.010638s ]

[ 2015-08-21T00:54:32+08:00 ] 127.0.0.1 /xdkc/index.php/Home/Goods/goods/category_id/1
INFO: [ app_init ] --START--
INFO: Run Behavior\BuildLiteBehavior [ RunTime:0.000041s ]
INFO: [ app_init ] --END-- [ RunTime:0.001029s ]

[ 2015-08-21T00:54:34+08:00 ] 127.0.0.1 /xdkc/index.php/Home/Login/judge/goods_id/1
INFO: [ app_init ] --START--
INFO: Run Behavior\BuildLiteBehavior [ RunTime:0.000037s ]
INFO: [ app_init ] --END-- [ RunTime:0.000759s ]

[ 2015-08-21T00:54:34+08:00 ] 127.0.0.1 /xdkc/index.php/Home/Login/login.html
INFO: [ app_init ] --START--
INFO: Run Behavior\BuildLiteBehavior [ RunTime:0.000036s ]
INFO: [ app_init ] --END-- [ RunTime:0.000733s ]

[ 2015-08-21T00:54:37+08:00 ] 127.0.0.1 /xdkc/index.php/Home/Login/login_sub
INFO: [ app_init ] --START--
INFO: Run Behavior\BuildLiteBehavior [ RunTime:0.000035s ]
INFO: [ app_init ] --END-- [ RunTime:0.000717s ]
ERR: SQLSTATE[42S22]: Column not found: 1054 Unknown column '请输入账号' in 'where clause'

[ 2015-08-21T00:55:08+08:00 ] 127.0.0.1 /xdkc/index.php/Home/Login/login_sub
INFO: [ app_init ] --START--
INFO: Run Behavior\BuildLiteBehavior [ RunTime:0.000037s ]
INFO: [ app_init ] --END-- [ RunTime:0.001200s ]
ERR: SQLSTATE[42000]: Syntax error or access violation: 1064 You have an error in your SQL syntax; check the manual that corresponds to your MySQL server version for the right syntax to use near ')' at line 1

[ 2015-08-21T00:55:17+08:00 ] 127.0.0.1 /xdkc/index.php/Home/
INFO: [ app_init ] --START--
INFO: Run Behavior\BuildLiteBehavior [ RunTime:0.000032s ]
INFO: [ app_init ] --END-- [ RunTime:0.000777s ]

[ 2015-08-21T00:55:26+08:00 ] 127.0.0.1 /xdkc/index.php/Home/
INFO: [ app_init ] --START--
INFO: Run Behavior\BuildLiteBehavior [ RunTime:0.000038s ]
INFO: [ app_init ] --END-- [ RunTime:0.001005s ]

[ 2015-08-21T00:55:28+08:00 ] 127.0.0.1 /xdkc/index.php/Home/Goods/goods/category_id/1
INFO: [ app_init ] --START--
INFO: Run Behavior\BuildLiteBehavior [ RunTime:0.000036s ]
INFO: [ app_init ] --END-- [ RunTime:0.000871s ]

[ 2015-08-21T00:55:30+08:00 ] 127.0.0.1 /xdkc/index.php/Home/Login/judge/goods_id/1
INFO: [ app_init ] --START--
INFO: Run Behavior\BuildLiteBehavior [ RunTime:0.000034s ]
INFO: [ app_init ] --END-- [ RunTime:0.000723s ]

[ 2015-08-21T00:55:30+08:00 ] 127.0.0.1 /xdkc/index.php/Home/Order/order/goods_id/1.html
INFO: [ app_init ] --START--
INFO: Run Behavior\BuildLiteBehavior [ RunTime:0.000034s ]
INFO: [ app_init ] --END-- [ RunTime:0.000723s ]

[ 2015-08-21T00:55:32+08:00 ] 127.0.0.1 /xdkc/index.php/Home/Order/add_order/goods_id/1
INFO: [ app_init ] --START--
INFO: Run Behavior\BuildLiteBehavior [ RunTime:0.000033s ]
INFO: [ app_init ] --END-- [ RunTime:0.000758s ]

[ 2015-08-21T00:55:34+08:00 ] 127.0.0.1 /xdkc/index.php/Home/User/host
INFO: [ app_init ] --START--
INFO: Run Behavior\BuildLiteBehavior [ RunTime:0.000035s ]
INFO: [ app_init ] --END-- [ RunTime:0.000806s ]

[ 2015-08-21T00:55:39+08:00 ] 127.0.0.1 /xdkc/index.php/Home/Login/login
INFO: [ app_init ] --START--
INFO: Run Behavior\BuildLiteBehavior [ RunTime:0.000042s ]
INFO: [ app_init ] --END-- [ RunTime:0.000872s ]

[ 2015-08-21T00:55:40+08:00 ] 127.0.0.1 /xdkc/index.php/Home/Login/login_sub
INFO: [ app_init ] --START--
INFO: Run Behavior\BuildLiteBehavior [ RunTime:0.000033s ]
INFO: [ app_init ] --END-- [ RunTime:0.000646s ]
ERR: SQLSTATE[42S22]: Column not found: 1054 Unknown column '请输入账号' in 'where clause'

