[ 2015-08-16T18:53:45+08:00 ] 127.0.0.1 /aa/admin.php
INFO: [ app_init ] --START--
INFO: Run Behavior\BuildLiteBehavior [ RunTime:0.000036s ]
INFO: [ app_init ] --END-- [ RunTime:0.000789s ]

[ 2015-08-16T18:54:08+08:00 ] 127.0.0.1 /aa/admin.php/Home/
INFO: [ app_init ] --START--
INFO: Run Behavior\BuildLiteBehavior [ RunTime:0.000035s ]
INFO: [ app_init ] --END-- [ RunTime:0.000706s ]

[ 2015-08-16T18:54:17+08:00 ] 127.0.0.1 /aa/admin.php/Home/Index/index
INFO: [ app_init ] --START--
INFO: Run Behavior\BuildLiteBehavior [ RunTime:0.000038s ]
INFO: [ app_init ] --END-- [ RunTime:0.000768s ]

[ 2015-08-16T18:54:34+08:00 ] 127.0.0.1 /aa/admin.php/Home/Goods/show
INFO: [ app_init ] --START--
INFO: Run Behavior\BuildLiteBehavior [ RunTime:0.000035s ]
INFO: [ app_init ] --END-- [ RunTime:0.000716s ]

[ 2015-08-16T18:54:57+08:00 ] 127.0.0.1 /aa/admin.php/Home/Admin/admin
INFO: [ app_init ] --START--
INFO: Run Behavior\BuildLiteBehavior [ RunTime:0.000047s ]
INFO: [ app_init ] --END-- [ RunTime:0.000865s ]

[ 2015-08-16T18:54:57+08:00 ] 127.0.0.1 /aa/admin.php/Home/Admin/indent.php
INFO: [ app_init ] --START--
INFO: Run Behavior\BuildLiteBehavior [ RunTime:0.000038s ]
INFO: [ app_init ] --END-- [ RunTime:0.001221s ]
ERR: 非法操作:indent.php

[ 2015-08-16T18:54:59+08:00 ] 127.0.0.1 /aa/admin.php/Home/Goods/add_view
INFO: [ app_init ] --START--
INFO: Run Behavior\BuildLiteBehavior [ RunTime:0.000048s ]
INFO: [ app_init ] --END-- [ RunTime:0.001027s ]

[ 2015-08-16T18:55:04+08:00 ] 127.0.0.1 /aa/admin.php/Home/Goods/add
INFO: [ app_init ] --START--
INFO: Run Behavior\BuildLiteBehavior [ RunTime:0.000037s ]
INFO: [ app_init ] --END-- [ RunTime:0.000728s ]

[ 2015-08-16T18:57:39+08:00 ] 127.0.0.1 /aa/admin.php/Home/Admin/admin
INFO: [ app_init ] --START--
INFO: Run Behavior\BuildLiteBehavior [ RunTime:0.000037s ]
INFO: [ app_init ] --END-- [ RunTime:0.001045s ]

[ 2015-08-16T18:57:39+08:00 ] 127.0.0.1 /aa/admin.php/Home/Admin/indent.php
INFO: [ app_init ] --START--
INFO: Run Behavior\BuildLiteBehavior [ RunTime:0.000036s ]
INFO: [ app_init ] --END-- [ RunTime:0.000747s ]
ERR: 非法操作:indent.php

[ 2015-08-16T18:57:40+08:00 ] 127.0.0.1 /aa/admin.php/Home/Goods/add_view
INFO: [ app_init ] --START--
INFO: Run Behavior\BuildLiteBehavior [ RunTime:0.000071s ]
INFO: [ app_init ] --END-- [ RunTime:0.000904s ]

[ 2015-08-16T18:57:44+08:00 ] 127.0.0.1 /aa/admin.php/Home/Goods/add
INFO: [ app_init ] --START--
INFO: Run Behavior\BuildLiteBehavior [ RunTime:0.000034s ]
INFO: [ app_init ] --END-- [ RunTime:0.000711s ]

[ 2015-08-16T18:57:51+08:00 ] 127.0.0.1 /aa/admin.php/Home/Admin/admin
INFO: [ app_init ] --START--
INFO: Run Behavior\BuildLiteBehavior [ RunTime:0.000040s ]
INFO: [ app_init ] --END-- [ RunTime:0.001074s ]

[ 2015-08-16T18:57:51+08:00 ] 127.0.0.1 /aa/admin.php/Home/Admin/indent.php
INFO: [ app_init ] --START--
INFO: Run Behavior\BuildLiteBehavior [ RunTime:0.000036s ]
INFO: [ app_init ] --END-- [ RunTime:0.000786s ]
ERR: 非法操作:indent.php

[ 2015-08-16T18:57:57+08:00 ] 127.0.0.1 /aa/admin.php/Home/Admin/admin
INFO: [ app_init ] --START--
INFO: Run Behavior\BuildLiteBehavior [ RunTime:0.000035s ]
INFO: [ app_init ] --END-- [ RunTime:0.000732s ]

[ 2015-08-16T18:57:57+08:00 ] 127.0.0.1 /aa/admin.php/Home/Admin/indent.php
INFO: [ app_init ] --START--
INFO: Run Behavior\BuildLiteBehavior [ RunTime:0.000037s ]
INFO: [ app_init ] --END-- [ RunTime:0.000735s ]
ERR: 非法操作:indent.php

[ 2015-08-16T18:57:58+08:00 ] 127.0.0.1 /aa/admin.php/Home/Goods/add_view
INFO: [ app_init ] --START--
INFO: Run Behavior\BuildLiteBehavior [ RunTime:0.000036s ]
INFO: [ app_init ] --END-- [ RunTime:0.000799s ]

[ 2015-08-16T18:58:03+08:00 ] 127.0.0.1 /aa/admin.php/Home/Goods/add
INFO: [ app_init ] --START--
INFO: Run Behavior\BuildLiteBehavior [ RunTime:0.000035s ]
INFO: [ app_init ] --END-- [ RunTime:0.000693s ]

[ 2015-08-16T18:59:24+08:00 ] 127.0.0.1 /aa/admin.php/Home/Admin/admin
INFO: [ app_init ] --START--
INFO: Run Behavior\BuildLiteBehavior [ RunTime:0.000035s ]
INFO: [ app_init ] --END-- [ RunTime:0.000695s ]

[ 2015-08-16T18:59:25+08:00 ] 127.0.0.1 /aa/admin.php/Home/Admin/indent.php
INFO: [ app_init ] --START--
INFO: Run Behavior\BuildLiteBehavior [ RunTime:0.000037s ]
INFO: [ app_init ] --END-- [ RunTime:0.000687s ]
ERR: 非法操作:indent.php

[ 2015-08-16T18:59:26+08:00 ] 127.0.0.1 /aa/admin.php/Home/Goods/add_view
INFO: [ app_init ] --START--
INFO: Run Behavior\BuildLiteBehavior [ RunTime:0.000042s ]
INFO: [ app_init ] --END-- [ RunTime:0.000999s ]

[ 2015-08-16T18:59:29+08:00 ] 127.0.0.1 /aa/admin.php/Home/Goods/add
INFO: [ app_init ] --START--
INFO: Run Behavior\BuildLiteBehavior [ RunTime:0.000033s ]
INFO: [ app_init ] --END-- [ RunTime:0.000720s ]

[ 2015-08-16T19:00:12+08:00 ] 127.0.0.1 /aa/admin.php/Home/Goods/add_view
INFO: [ app_init ] --START--
INFO: Run Behavior\BuildLiteBehavior [ RunTime:0.000034s ]
INFO: [ app_init ] --END-- [ RunTime:0.000723s ]

[ 2015-08-16T19:00:15+08:00 ] 127.0.0.1 /aa/admin.php/Home/Goods/add
INFO: [ app_init ] --START--
INFO: Run Behavior\BuildLiteBehavior [ RunTime:0.000042s ]
INFO: [ app_init ] --END-- [ RunTime:0.000891s ]

[ 2015-08-16T19:04:47+08:00 ] 127.0.0.1 /aa/admin.php/Home/Admin/admin
INFO: [ app_init ] --START--
INFO: Run Behavior\BuildLiteBehavior [ RunTime:0.000039s ]
INFO: [ app_init ] --END-- [ RunTime:0.001055s ]

[ 2015-08-16T19:04:47+08:00 ] 127.0.0.1 /aa/admin.php/Home/Admin/indent.php
INFO: [ app_init ] --START--
INFO: Run Behavior\BuildLiteBehavior [ RunTime:0.000037s ]
INFO: [ app_init ] --END-- [ RunTime:0.000711s ]
ERR: 非法操作:indent.php

[ 2015-08-16T19:04:48+08:00 ] 127.0.0.1 /aa/admin.php/Home/Goods/add_view
INFO: [ app_init ] --START--
INFO: Run Behavior\BuildLiteBehavior [ RunTime:0.000035s ]
INFO: [ app_init ] --END-- [ RunTime:0.000891s ]

[ 2015-08-16T19:04:53+08:00 ] 127.0.0.1 /aa/admin.php/Home/Goods/add
INFO: [ app_init ] --START--
INFO: Run Behavior\BuildLiteBehavior [ RunTime:0.000034s ]
INFO: [ app_init ] --END-- [ RunTime:0.000702s ]

[ 2015-08-16T19:11:30+08:00 ] 127.0.0.1 /aa/admin.php/Home/Goods/add_view
INFO: [ app_init ] --START--
INFO: Run Behavior\BuildLiteBehavior [ RunTime:0.000037s ]
INFO: [ app_init ] --END-- [ RunTime:0.001006s ]

[ 2015-08-16T19:11:33+08:00 ] 127.0.0.1 /aa/admin.php/Home/Goods/add
INFO: [ app_init ] --START--
INFO: Run Behavior\BuildLiteBehavior [ RunTime:0.000034s ]
INFO: [ app_init ] --END-- [ RunTime:0.000849s ]

[ 2015-08-16T19:11:44+08:00 ] 127.0.0.1 /aa/admin.php/Home/Goods/add_view
INFO: [ app_init ] --START--
INFO: Run Behavior\BuildLiteBehavior [ RunTime:0.000038s ]
INFO: [ app_init ] --END-- [ RunTime:0.001110s ]

[ 2015-08-16T19:11:44+08:00 ] 127.0.0.1 /aa/admin.php/Home/Goods/show
INFO: [ app_init ] --START--
INFO: Run Behavior\BuildLiteBehavior [ RunTime:0.000039s ]
INFO: [ app_init ] --END-- [ RunTime:0.000727s ]

[ 2015-08-16T19:11:45+08:00 ] 127.0.0.1 /aa/admin.php/Home/Goods/add_view
INFO: [ app_init ] --START--
INFO: Run Behavior\BuildLiteBehavior [ RunTime:0.000058s ]
INFO: [ app_init ] --END-- [ RunTime:0.001235s ]

[ 2015-08-16T19:11:48+08:00 ] 127.0.0.1 /aa/admin.php/Home/Goods/add
INFO: [ app_init ] --START--
INFO: Run Behavior\BuildLiteBehavior [ RunTime:0.000035s ]
INFO: [ app_init ] --END-- [ RunTime:0.000828s ]

[ 2015-08-16T19:12:20+08:00 ] 127.0.0.1 /aa/admin.php/Home/Goods/add
INFO: [ app_init ] --START--
INFO: Run Behavior\BuildLiteBehavior [ RunTime:0.000035s ]
INFO: [ app_init ] --END-- [ RunTime:0.000789s ]

[ 2015-08-16T19:12:51+08:00 ] 127.0.0.1 /aa/admin.php/Home/Goods/add
INFO: [ app_init ] --START--
INFO: Run Behavior\BuildLiteBehavior [ RunTime:0.000037s ]
INFO: [ app_init ] --END-- [ RunTime:0.001325s ]

[ 2015-08-16T19:13:05+08:00 ] 127.0.0.1 /aa/admin.php/Home/Goods/add
INFO: [ app_init ] --START--
INFO: Run Behavior\BuildLiteBehavior [ RunTime:0.000034s ]
INFO: [ app_init ] --END-- [ RunTime:0.000716s ]

[ 2015-08-16T19:13:21+08:00 ] 127.0.0.1 /aa/admin.php/Home/Goods/add
INFO: [ app_init ] --START--
INFO: Run Behavior\BuildLiteBehavior [ RunTime:0.000035s ]
INFO: [ app_init ] --END-- [ RunTime:0.000863s ]

[ 2015-08-16T19:13:48+08:00 ] 127.0.0.1 /aa/admin.php/Home/Goods/add
INFO: [ app_init ] --START--
INFO: Run Behavior\BuildLiteBehavior [ RunTime:0.000036s ]
INFO: [ app_init ] --END-- [ RunTime:0.000856s ]

[ 2015-08-16T19:13:53+08:00 ] 127.0.0.1 /aa/admin.php/Home/Goods/add
INFO: [ app_init ] --START--
INFO: Run Behavior\BuildLiteBehavior [ RunTime:0.000041s ]
INFO: [ app_init ] --END-- [ RunTime:0.000922s ]

[ 2015-08-16T19:14:02+08:00 ] 127.0.0.1 /aa/admin.php/Home/Goods/add
INFO: [ app_init ] --START--
INFO: Run Behavior\BuildLiteBehavior [ RunTime:0.000034s ]
INFO: [ app_init ] --END-- [ RunTime:0.000797s ]

[ 2015-08-16T19:14:03+08:00 ] 127.0.0.1 /aa/admin.php/Home/Goods/add_view
INFO: [ app_init ] --START--
INFO: Run Behavior\BuildLiteBehavior [ RunTime:0.000035s ]
INFO: [ app_init ] --END-- [ RunTime:0.000779s ]

[ 2015-08-16T19:14:50+08:00 ] 127.0.0.1 /aa/admin.php/Home/Goods/add
INFO: [ app_init ] --START--
INFO: Run Behavior\BuildLiteBehavior [ RunTime:0.000035s ]
INFO: [ app_init ] --END-- [ RunTime:0.000757s ]

[ 2015-08-16T19:15:13+08:00 ] 127.0.0.1 /aa/admin.php/Home/Goods/add
INFO: [ app_init ] --START--
INFO: Run Behavior\BuildLiteBehavior [ RunTime:0.000034s ]
INFO: [ app_init ] --END-- [ RunTime:0.000978s ]

[ 2015-08-16T19:15:20+08:00 ] 127.0.0.1 /aa/admin.php/Home/Goods/add
INFO: [ app_init ] --START--
INFO: Run Behavior\BuildLiteBehavior [ RunTime:0.000039s ]
INFO: [ app_init ] --END-- [ RunTime:0.000682s ]

[ 2015-08-16T19:15:22+08:00 ] 127.0.0.1 /aa/admin.php/Home/Goods/add_view
INFO: [ app_init ] --START--
INFO: Run Behavior\BuildLiteBehavior [ RunTime:0.000038s ]
INFO: [ app_init ] --END-- [ RunTime:0.001466s ]

[ 2015-08-16T19:16:07+08:00 ] 127.0.0.1 /aa/admin.php/Home/Goods/add
INFO: [ app_init ] --START--
INFO: Run Behavior\BuildLiteBehavior [ RunTime:0.000038s ]
INFO: [ app_init ] --END-- [ RunTime:0.001839s ]

[ 2015-08-16T19:16:35+08:00 ] 127.0.0.1 /aa/admin.php/Home/Goods/add
INFO: [ app_init ] --START--
INFO: Run Behavior\BuildLiteBehavior [ RunTime:0.000035s ]
INFO: [ app_init ] --END-- [ RunTime:0.000739s ]

[ 2015-08-16T19:16:48+08:00 ] 127.0.0.1 /aa/admin.php/Home/Goods/add
INFO: [ app_init ] --START--
INFO: Run Behavior\BuildLiteBehavior [ RunTime:0.000034s ]
INFO: [ app_init ] --END-- [ RunTime:0.000746s ]

[ 2015-08-16T19:16:50+08:00 ] 127.0.0.1 /aa/admin.php/Home/Goods/add_view
INFO: [ app_init ] --START--
INFO: Run Behavior\BuildLiteBehavior [ RunTime:0.000034s ]
INFO: [ app_init ] --END-- [ RunTime:0.000736s ]

[ 2015-08-16T19:17:20+08:00 ] 127.0.0.1 /aa/admin.php/Home/Goods/add
INFO: [ app_init ] --START--
INFO: Run Behavior\BuildLiteBehavior [ RunTime:0.000044s ]
INFO: [ app_init ] --END-- [ RunTime:0.000762s ]

[ 2015-08-16T19:17:21+08:00 ] 127.0.0.1 /aa/admin.php/Home/Goods/add_view
INFO: [ app_init ] --START--
INFO: Run Behavior\BuildLiteBehavior [ RunTime:0.000035s ]
INFO: [ app_init ] --END-- [ RunTime:0.000789s ]

[ 2015-08-16T19:23:09+08:00 ] 127.0.0.1 /aa/admin.php/Home/Goods/add
INFO: [ app_init ] --START--
INFO: Run Behavior\BuildLiteBehavior [ RunTime:0.000036s ]
INFO: [ app_init ] --END-- [ RunTime:0.000738s ]

[ 2015-08-16T19:23:10+08:00 ] 127.0.0.1 /aa/admin.php/Home/Goods/add_view
INFO: [ app_init ] --START--
INFO: Run Behavior\BuildLiteBehavior [ RunTime:0.000033s ]
INFO: [ app_init ] --END-- [ RunTime:0.000716s ]

[ 2015-08-16T19:23:43+08:00 ] 127.0.0.1 /aa/admin.php/Home/Goods/add
INFO: [ app_init ] --START--
INFO: Run Behavior\BuildLiteBehavior [ RunTime:0.000038s ]
INFO: [ app_init ] --END-- [ RunTime:0.001453s ]

[ 2015-08-16T19:23:44+08:00 ] 127.0.0.1 /aa/admin.php/Home/Goods/add_view
INFO: [ app_init ] --START--
INFO: Run Behavior\BuildLiteBehavior [ RunTime:0.000038s ]
INFO: [ app_init ] --END-- [ RunTime:0.001348s ]

[ 2015-08-16T19:29:35+08:00 ] 127.0.0.1 /aa/admin.php/Home/Goods/add
INFO: [ app_init ] --START--
INFO: Run Behavior\BuildLiteBehavior [ RunTime:0.000038s ]
INFO: [ app_init ] --END-- [ RunTime:0.001084s ]

[ 2015-08-16T19:30:01+08:00 ] 127.0.0.1 /aa/admin.php/Home/Goods/add
INFO: [ app_init ] --START--
INFO: Run Behavior\BuildLiteBehavior [ RunTime:0.000034s ]
INFO: [ app_init ] --END-- [ RunTime:0.000722s ]

[ 2015-08-16T19:30:14+08:00 ] 127.0.0.1 /aa/admin.php/Home/Goods/add_view
INFO: [ app_init ] --START--
INFO: Run Behavior\BuildLiteBehavior [ RunTime:0.000035s ]
INFO: [ app_init ] --END-- [ RunTime:0.000756s ]

[ 2015-08-16T19:30:15+08:00 ] 127.0.0.1 /aa/admin.php/Home/Goods/add
INFO: [ app_init ] --START--
INFO: Run Behavior\BuildLiteBehavior [ RunTime:0.000034s ]
INFO: [ app_init ] --END-- [ RunTime:0.000742s ]

[ 2015-08-16T19:31:09+08:00 ] 127.0.0.1 /aa/admin.php/Home/Goods/show
INFO: [ app_init ] --START--
INFO: Run Behavior\BuildLiteBehavior [ RunTime:0.000034s ]
INFO: [ app_init ] --END-- [ RunTime:0.000738s ]

[ 2015-08-16T19:31:10+08:00 ] 127.0.0.1 /aa/admin.php/Home/Goods/add_view
INFO: [ app_init ] --START--
INFO: Run Behavior\BuildLiteBehavior [ RunTime:0.000036s ]
INFO: [ app_init ] --END-- [ RunTime:0.000758s ]

[ 2015-08-16T19:31:11+08:00 ] 127.0.0.1 /aa/admin.php/Home/Category/add_view
INFO: [ app_init ] --START--
INFO: Run Behavior\BuildLiteBehavior [ RunTime:0.000034s ]
INFO: [ app_init ] --END-- [ RunTime:0.000682s ]

[ 2015-08-16T19:31:12+08:00 ] 127.0.0.1 /aa/admin.php/Home/Category/show
INFO: [ app_init ] --START--
INFO: Run Behavior\BuildLiteBehavior [ RunTime:0.000037s ]
INFO: [ app_init ] --END-- [ RunTime:0.000818s ]

[ 2015-08-16T19:31:15+08:00 ] 127.0.0.1 /aa/admin.php/Home/Goods/add_view
INFO: [ app_init ] --START--
INFO: Run Behavior\BuildLiteBehavior [ RunTime:0.000034s ]
INFO: [ app_init ] --END-- [ RunTime:0.000750s ]

[ 2015-08-16T19:31:15+08:00 ] 127.0.0.1 /aa/admin.php/Home/Goods/show
INFO: [ app_init ] --START--
INFO: Run Behavior\BuildLiteBehavior [ RunTime:0.000038s ]
INFO: [ app_init ] --END-- [ RunTime:0.000946s ]

[ 2015-08-16T19:31:17+08:00 ] 127.0.0.1 /aa/admin.php/Home/Category/add_view
INFO: [ app_init ] --START--
INFO: Run Behavior\BuildLiteBehavior [ RunTime:0.000035s ]
INFO: [ app_init ] --END-- [ RunTime:0.000752s ]

[ 2015-08-16T19:31:18+08:00 ] 127.0.0.1 /aa/admin.php/Home/Goods/show
INFO: [ app_init ] --START--
INFO: Run Behavior\BuildLiteBehavior [ RunTime:0.000034s ]
INFO: [ app_init ] --END-- [ RunTime:0.000700s ]

[ 2015-08-16T19:31:19+08:00 ] 127.0.0.1 /aa/admin.php/Home/Goods/add_view
INFO: [ app_init ] --START--
INFO: Run Behavior\BuildLiteBehavior [ RunTime:0.000038s ]
INFO: [ app_init ] --END-- [ RunTime:0.000811s ]

[ 2015-08-16T19:31:23+08:00 ] 127.0.0.1 /aa/admin.php/Home/Goods/add
INFO: [ app_init ] --START--
INFO: Run Behavior\BuildLiteBehavior [ RunTime:0.000034s ]
INFO: [ app_init ] --END-- [ RunTime:0.000739s ]

[ 2015-08-16T19:31:39+08:00 ] 127.0.0.1 /aa/admin.php/Home/Goods/add
INFO: [ app_init ] --START--
INFO: Run Behavior\BuildLiteBehavior [ RunTime:0.000039s ]
INFO: [ app_init ] --END-- [ RunTime:0.002434s ]

[ 2015-08-16T19:31:52+08:00 ] 127.0.0.1 /aa/admin.php/Home/Goods/add
INFO: [ app_init ] --START--
INFO: Run Behavior\BuildLiteBehavior [ RunTime:0.000034s ]
INFO: [ app_init ] --END-- [ RunTime:0.000766s ]

[ 2015-08-16T19:31:53+08:00 ] 127.0.0.1 /aa/admin.php/Home/Goods/add_view
INFO: [ app_init ] --START--
INFO: Run Behavior\BuildLiteBehavior [ RunTime:0.000037s ]
INFO: [ app_init ] --END-- [ RunTime:0.000717s ]

[ 2015-08-16T19:32:00+08:00 ] 127.0.0.1 /aa/admin.php/Home/Goods/add
INFO: [ app_init ] --START--
INFO: Run Behavior\BuildLiteBehavior [ RunTime:0.000036s ]
INFO: [ app_init ] --END-- [ RunTime:0.000896s ]

[ 2015-08-16T19:32:16+08:00 ] 127.0.0.1 /aa/admin.php/Home/Goods/add
INFO: [ app_init ] --START--
INFO: Run Behavior\BuildLiteBehavior [ RunTime:0.000035s ]
INFO: [ app_init ] --END-- [ RunTime:0.000695s ]

[ 2015-08-16T19:32:17+08:00 ] 127.0.0.1 /aa/admin.php/Home/Goods/add_view
INFO: [ app_init ] --START--
INFO: Run Behavior\BuildLiteBehavior [ RunTime:0.000038s ]
INFO: [ app_init ] --END-- [ RunTime:0.001073s ]

[ 2015-08-16T19:32:43+08:00 ] 127.0.0.1 /aa/admin.php/Home/Goods/add
INFO: [ app_init ] --START--
INFO: Run Behavior\BuildLiteBehavior [ RunTime:0.000036s ]
INFO: [ app_init ] --END-- [ RunTime:0.000762s ]

[ 2015-08-16T19:32:45+08:00 ] 127.0.0.1 /aa/admin.php/Home/Goods/add_view
INFO: [ app_init ] --START--
INFO: Run Behavior\BuildLiteBehavior [ RunTime:0.000036s ]
INFO: [ app_init ] --END-- [ RunTime:0.000791s ]

[ 2015-08-16T19:33:12+08:00 ] 127.0.0.1 /aa/admin.php/Home/Goods/add
INFO: [ app_init ] --START--
INFO: Run Behavior\BuildLiteBehavior [ RunTime:0.000035s ]
INFO: [ app_init ] --END-- [ RunTime:0.000704s ]

[ 2015-08-16T19:33:13+08:00 ] 127.0.0.1 /aa/admin.php/Home/Goods/add_view
INFO: [ app_init ] --START--
INFO: Run Behavior\BuildLiteBehavior [ RunTime:0.000038s ]
INFO: [ app_init ] --END-- [ RunTime:0.000798s ]

[ 2015-08-16T19:39:24+08:00 ] 127.0.0.1 /aa/admin.php/Home/Goods/add
INFO: [ app_init ] --START--
INFO: Run Behavior\BuildLiteBehavior [ RunTime:0.000035s ]
INFO: [ app_init ] --END-- [ RunTime:0.001130s ]

[ 2015-08-16T19:39:25+08:00 ] 127.0.0.1 /aa/admin.php/Home/Goods/add_view
INFO: [ app_init ] --START--
INFO: Run Behavior\BuildLiteBehavior [ RunTime:0.000038s ]
INFO: [ app_init ] --END-- [ RunTime:0.000775s ]

[ 2015-08-16T19:41:54+08:00 ] 127.0.0.1 /aa/admin.php/Home/Goods/add_view
INFO: [ app_init ] --START--
INFO: Run Behavior\BuildLiteBehavior [ RunTime:0.000035s ]
INFO: [ app_init ] --END-- [ RunTime:0.000763s ]

[ 2015-08-16T19:41:55+08:00 ] 127.0.0.1 /aa/admin.php/Home/Goods/show
INFO: [ app_init ] --START--
INFO: Run Behavior\BuildLiteBehavior [ RunTime:0.000096s ]
INFO: [ app_init ] --END-- [ RunTime:0.001013s ]

[ 2015-08-16T19:41:55+08:00 ] 127.0.0.1 /aa/admin.php/Home/Goods/add_view
INFO: [ app_init ] --START--
INFO: Run Behavior\BuildLiteBehavior [ RunTime:0.000034s ]
INFO: [ app_init ] --END-- [ RunTime:0.000757s ]

[ 2015-08-16T19:42:03+08:00 ] 127.0.0.1 /aa/admin.php/Home/Goods/add
INFO: [ app_init ] --START--
INFO: Run Behavior\BuildLiteBehavior [ RunTime:0.000038s ]
INFO: [ app_init ] --END-- [ RunTime:0.000814s ]

[ 2015-08-16T19:42:04+08:00 ] 127.0.0.1 /aa/admin.php/Home/Goods/add_view
INFO: [ app_init ] --START--
INFO: Run Behavior\BuildLiteBehavior [ RunTime:0.000033s ]
INFO: [ app_init ] --END-- [ RunTime:0.000695s ]

[ 2015-08-16T19:42:45+08:00 ] 127.0.0.1 /aa/admin.php/Home/Admin/customer.php
INFO: [ app_init ] --START--
INFO: Run Behavior\BuildLiteBehavior [ RunTime:0.000036s ]
INFO: [ app_init ] --END-- [ RunTime:0.000989s ]
ERR: 非法操作:customer.php

[ 2015-08-16T19:42:46+08:00 ] 127.0.0.1 /aa/admin.php/Home/Goods/add_view
INFO: [ app_init ] --START--
INFO: Run Behavior\BuildLiteBehavior [ RunTime:0.000034s ]
INFO: [ app_init ] --END-- [ RunTime:0.000828s ]

[ 2015-08-16T19:42:46+08:00 ] 127.0.0.1 /aa/admin.php/Home/Goods/show
INFO: [ app_init ] --START--
INFO: Run Behavior\BuildLiteBehavior [ RunTime:0.000034s ]
INFO: [ app_init ] --END-- [ RunTime:0.000795s ]

[ 2015-08-16T19:42:47+08:00 ] 127.0.0.1 /aa/admin.php/Home/Category/add_view
INFO: [ app_init ] --START--
INFO: Run Behavior\BuildLiteBehavior [ RunTime:0.000034s ]
INFO: [ app_init ] --END-- [ RunTime:0.000741s ]

[ 2015-08-16T19:42:47+08:00 ] 127.0.0.1 /aa/admin.php/Home/Category/show
INFO: [ app_init ] --START--
INFO: Run Behavior\BuildLiteBehavior [ RunTime:0.000037s ]
INFO: [ app_init ] --END-- [ RunTime:0.000808s ]

[ 2015-08-16T19:42:47+08:00 ] 127.0.0.1 /aa/admin.php/Home/Category/add_view
INFO: [ app_init ] --START--
INFO: Run Behavior\BuildLiteBehavior [ RunTime:0.000035s ]
INFO: [ app_init ] --END-- [ RunTime:0.000726s ]

[ 2015-08-16T19:42:48+08:00 ] 127.0.0.1 /aa/admin.php/Home/Goods/show
INFO: [ app_init ] --START--
INFO: Run Behavior\BuildLiteBehavior [ RunTime:0.000036s ]
INFO: [ app_init ] --END-- [ RunTime:0.000825s ]

[ 2015-08-16T19:42:49+08:00 ] 127.0.0.1 /aa/admin.php/Home/Goods/add_view
INFO: [ app_init ] --START--
INFO: Run Behavior\BuildLiteBehavior [ RunTime:0.000037s ]
INFO: [ app_init ] --END-- [ RunTime:0.000846s ]

[ 2015-08-16T19:42:56+08:00 ] 127.0.0.1 /aa/admin.php/Home/Goods/show
INFO: [ app_init ] --START--
INFO: Run Behavior\BuildLiteBehavior [ RunTime:0.000035s ]
INFO: [ app_init ] --END-- [ RunTime:0.000804s ]

[ 2015-08-16T19:42:56+08:00 ] 127.0.0.1 /aa/admin.php/Home/Goods/show
INFO: [ app_init ] --START--
INFO: Run Behavior\BuildLiteBehavior [ RunTime:0.000039s ]
INFO: [ app_init ] --END-- [ RunTime:0.000936s ]

[ 2015-08-16T19:42:57+08:00 ] 127.0.0.1 /aa/admin.php/Home/Goods/add_view
INFO: [ app_init ] --START--
INFO: Run Behavior\BuildLiteBehavior [ RunTime:0.000034s ]
INFO: [ app_init ] --END-- [ RunTime:0.000869s ]

[ 2015-08-16T19:42:58+08:00 ] 127.0.0.1 /aa/admin.php/Home/Goods/show
INFO: [ app_init ] --START--
INFO: Run Behavior\BuildLiteBehavior [ RunTime:0.000042s ]
INFO: [ app_init ] --END-- [ RunTime:0.001044s ]

[ 2015-08-16T19:42:59+08:00 ] 127.0.0.1 /aa/admin.php/Home/Category/add_view
INFO: [ app_init ] --START--
INFO: Run Behavior\BuildLiteBehavior [ RunTime:0.000037s ]
INFO: [ app_init ] --END-- [ RunTime:0.000928s ]

[ 2015-08-16T19:42:59+08:00 ] 127.0.0.1 /aa/admin.php/Home/Category/show
INFO: [ app_init ] --START--
INFO: Run Behavior\BuildLiteBehavior [ RunTime:0.000039s ]
INFO: [ app_init ] --END-- [ RunTime:0.001374s ]

[ 2015-08-16T19:43:00+08:00 ] 127.0.0.1 /aa/admin.php/Home/Category/add_view
INFO: [ app_init ] --START--
INFO: Run Behavior\BuildLiteBehavior [ RunTime:0.000036s ]
INFO: [ app_init ] --END-- [ RunTime:0.000932s ]

[ 2015-08-16T19:43:02+08:00 ] 127.0.0.1 /aa/admin.php/Home/Goods/show
INFO: [ app_init ] --START--
INFO: Run Behavior\BuildLiteBehavior [ RunTime:0.000036s ]
INFO: [ app_init ] --END-- [ RunTime:0.000918s ]

[ 2015-08-16T19:43:03+08:00 ] 127.0.0.1 /aa/admin.php/Home/Goods/add_view
INFO: [ app_init ] --START--
INFO: Run Behavior\BuildLiteBehavior [ RunTime:0.000035s ]
INFO: [ app_init ] --END-- [ RunTime:0.000815s ]

[ 2015-08-16T19:43:06+08:00 ] 127.0.0.1 /aa/admin.php/Home/Admin/customer.php
INFO: [ app_init ] --START--
INFO: Run Behavior\BuildLiteBehavior [ RunTime:0.000034s ]
INFO: [ app_init ] --END-- [ RunTime:0.000792s ]
ERR: 非法操作:customer.php

[ 2015-08-16T19:43:11+08:00 ] 127.0.0.1 /aa/admin.php/Home/Goods/show
INFO: [ app_init ] --START--
INFO: Run Behavior\BuildLiteBehavior [ RunTime:0.000037s ]
INFO: [ app_init ] --END-- [ RunTime:0.000816s ]

[ 2015-08-16T19:43:12+08:00 ] 127.0.0.1 /aa/admin.php/Home/Category/add_view
INFO: [ app_init ] --START--
INFO: Run Behavior\BuildLiteBehavior [ RunTime:0.000034s ]
INFO: [ app_init ] --END-- [ RunTime:0.000849s ]

[ 2015-08-16T19:43:12+08:00 ] 127.0.0.1 /aa/admin.php/Home/Category/show
INFO: [ app_init ] --START--
INFO: Run Behavior\BuildLiteBehavior [ RunTime:0.000035s ]
INFO: [ app_init ] --END-- [ RunTime:0.000821s ]

[ 2015-08-16T19:43:15+08:00 ] 127.0.0.1 /aa/admin.php/Home/Category/add_view
INFO: [ app_init ] --START--
INFO: Run Behavior\BuildLiteBehavior [ RunTime:0.000035s ]
INFO: [ app_init ] --END-- [ RunTime:0.000848s ]

[ 2015-08-16T19:43:17+08:00 ] 127.0.0.1 /aa/admin.php/Home/Goods/show
INFO: [ app_init ] --START--
INFO: Run Behavior\BuildLiteBehavior [ RunTime:0.000037s ]
INFO: [ app_init ] --END-- [ RunTime:0.000777s ]

[ 2015-08-16T19:43:18+08:00 ] 127.0.0.1 /aa/admin.php/Home/Goods/add_view
INFO: [ app_init ] --START--
INFO: Run Behavior\BuildLiteBehavior [ RunTime:0.000035s ]
INFO: [ app_init ] --END-- [ RunTime:0.000883s ]

[ 2015-08-16T19:43:19+08:00 ] 127.0.0.1 /aa/admin.php/Home/Category/add_view
INFO: [ app_init ] --START--
INFO: Run Behavior\BuildLiteBehavior [ RunTime:0.000035s ]
INFO: [ app_init ] --END-- [ RunTime:0.000862s ]

[ 2015-08-16T19:43:20+08:00 ] 127.0.0.1 /aa/admin.php/Home/Category/show
INFO: [ app_init ] --START--
INFO: Run Behavior\BuildLiteBehavior [ RunTime:0.000035s ]
INFO: [ app_init ] --END-- [ RunTime:0.000797s ]

[ 2015-08-16T19:43:22+08:00 ] 127.0.0.1 /aa/admin.php/Home/Admin/customer.php
INFO: [ app_init ] --START--
INFO: Run Behavior\BuildLiteBehavior [ RunTime:0.000041s ]
INFO: [ app_init ] --END-- [ RunTime:0.001679s ]
ERR: 非法操作:customer.php

[ 2015-08-16T19:43:23+08:00 ] 127.0.0.1 /aa/admin.php/Home/Goods/show
INFO: [ app_init ] --START--
INFO: Run Behavior\BuildLiteBehavior [ RunTime:0.000038s ]
INFO: [ app_init ] --END-- [ RunTime:0.001620s ]

[ 2015-08-16T19:44:11+08:00 ] 127.0.0.1 /aa/admin.php/Home/Goods/add_view
INFO: [ app_init ] --START--
INFO: Run Behavior\BuildLiteBehavior [ RunTime:0.000034s ]
INFO: [ app_init ] --END-- [ RunTime:0.000786s ]

[ 2015-08-16T19:44:13+08:00 ] 127.0.0.1 /aa/admin.php/Home/Goods/show
INFO: [ app_init ] --START--
INFO: Run Behavior\BuildLiteBehavior [ RunTime:0.000038s ]
INFO: [ app_init ] --END-- [ RunTime:0.000833s ]

[ 2015-08-16T19:44:15+08:00 ] 127.0.0.1 /aa/admin.php/Home/Goods/add_view
INFO: [ app_init ] --START--
INFO: Run Behavior\BuildLiteBehavior [ RunTime:0.000035s ]
INFO: [ app_init ] --END-- [ RunTime:0.000870s ]

[ 2015-08-16T19:44:24+08:00 ] 127.0.0.1 /aa/admin.php/Home/Goods/add
INFO: [ app_init ] --START--
INFO: Run Behavior\BuildLiteBehavior [ RunTime:0.000033s ]
INFO: [ app_init ] --END-- [ RunTime:0.000781s ]

[ 2015-08-16T19:44:25+08:00 ] 127.0.0.1 /aa/admin.php/Home/Goods/add_view
INFO: [ app_init ] --START--
INFO: Run Behavior\BuildLiteBehavior [ RunTime:0.000036s ]
INFO: [ app_init ] --END-- [ RunTime:0.000758s ]

[ 2015-08-16T19:45:15+08:00 ] 127.0.0.1 /aa/admin.php/Home/Goods/add_view
INFO: [ app_init ] --START--
INFO: Run Behavior\BuildLiteBehavior [ RunTime:0.000038s ]
INFO: [ app_init ] --END-- [ RunTime:0.001044s ]

[ 2015-08-16T19:45:16+08:00 ] 127.0.0.1 /aa/admin.php/Home/Goods/show
INFO: [ app_init ] --START--
INFO: Run Behavior\BuildLiteBehavior [ RunTime:0.000041s ]
INFO: [ app_init ] --END-- [ RunTime:0.001059s ]

[ 2015-08-16T19:45:18+08:00 ] 127.0.0.1 /aa/admin.php/Home/Goods/show
INFO: [ app_init ] --START--
INFO: Run Behavior\BuildLiteBehavior [ RunTime:0.000035s ]
INFO: [ app_init ] --END-- [ RunTime:0.000785s ]

[ 2015-08-16T19:45:19+08:00 ] 127.0.0.1 /aa/admin.php/Home/Goods/add_view
INFO: [ app_init ] --START--
INFO: Run Behavior\BuildLiteBehavior [ RunTime:0.000035s ]
INFO: [ app_init ] --END-- [ RunTime:0.000909s ]

[ 2015-08-16T19:45:28+08:00 ] 127.0.0.1 /aa/admin.php/Home/Goods/add
INFO: [ app_init ] --START--
INFO: Run Behavior\BuildLiteBehavior [ RunTime:0.000035s ]
INFO: [ app_init ] --END-- [ RunTime:0.000800s ]

[ 2015-08-16T19:45:29+08:00 ] 127.0.0.1 /aa/admin.php/Home/Goods/add_view
INFO: [ app_init ] --START--
INFO: Run Behavior\BuildLiteBehavior [ RunTime:0.000057s ]
INFO: [ app_init ] --END-- [ RunTime:0.000938s ]

[ 2015-08-16T19:46:15+08:00 ] 127.0.0.1 /aa/admin.php/Home/Goods/add
INFO: [ app_init ] --START--
INFO: Run Behavior\BuildLiteBehavior [ RunTime:0.000035s ]
INFO: [ app_init ] --END-- [ RunTime:0.000787s ]

[ 2015-08-16T19:46:27+08:00 ] 127.0.0.1 /aa/admin.php/Home/Goods/add
INFO: [ app_init ] --START--
INFO: Run Behavior\BuildLiteBehavior [ RunTime:0.000056s ]
INFO: [ app_init ] --END-- [ RunTime:0.001785s ]

[ 2015-08-16T19:49:31+08:00 ] 127.0.0.1 /aa/admin.php/Home/Goods/add
INFO: [ app_init ] --START--
INFO: Run Behavior\BuildLiteBehavior [ RunTime:0.000048s ]
INFO: [ app_init ] --END-- [ RunTime:0.000782s ]

[ 2015-08-16T19:49:32+08:00 ] 127.0.0.1 /aa/admin.php/Home/Goods/add_view
INFO: [ app_init ] --START--
INFO: Run Behavior\BuildLiteBehavior [ RunTime:0.000036s ]
INFO: [ app_init ] --END-- [ RunTime:0.000771s ]

[ 2015-08-16T19:49:52+08:00 ] 127.0.0.1 /aa/admin.php/Home/Goods/add
INFO: [ app_init ] --START--
INFO: Run Behavior\BuildLiteBehavior [ RunTime:0.000036s ]
INFO: [ app_init ] --END-- [ RunTime:0.000822s ]

[ 2015-08-16T19:49:53+08:00 ] 127.0.0.1 /aa/admin.php/Home/Goods/add_view
INFO: [ app_init ] --START--
INFO: Run Behavior\BuildLiteBehavior [ RunTime:0.000037s ]
INFO: [ app_init ] --END-- [ RunTime:0.000783s ]

[ 2015-08-16T20:11:53+08:00 ] 127.0.0.1 /aa/admin.php/Home/Admin/admin
INFO: [ app_init ] --START--
INFO: Run Behavior\BuildLiteBehavior [ RunTime:0.000035s ]
INFO: [ app_init ] --END-- [ RunTime:0.000762s ]

[ 2015-08-16T20:11:53+08:00 ] 127.0.0.1 /aa/admin.php/Home/Admin/indent.php
INFO: [ app_init ] --START--
INFO: Run Behavior\BuildLiteBehavior [ RunTime:0.000035s ]
INFO: [ app_init ] --END-- [ RunTime:0.000878s ]
ERR: 非法操作:indent.php

[ 2015-08-16T20:11:54+08:00 ] 127.0.0.1 /aa/admin.php/Home/Goods/add_view
INFO: [ app_init ] --START--
INFO: Run Behavior\BuildLiteBehavior [ RunTime:0.000034s ]
INFO: [ app_init ] --END-- [ RunTime:0.000798s ]

[ 2015-08-16T20:12:01+08:00 ] 127.0.0.1 /aa/admin.php/Home/Goods/add
INFO: [ app_init ] --START--
INFO: Run Behavior\BuildLiteBehavior [ RunTime:0.000041s ]
INFO: [ app_init ] --END-- [ RunTime:0.000889s ]

[ 2015-08-16T20:12:02+08:00 ] 127.0.0.1 /aa/admin.php/Home/Goods/add_view
INFO: [ app_init ] --START--
INFO: Run Behavior\BuildLiteBehavior [ RunTime:0.000035s ]
INFO: [ app_init ] --END-- [ RunTime:0.000810s ]

[ 2015-08-16T20:13:42+08:00 ] 127.0.0.1 /aa/admin.php/Home/Goods/add
INFO: [ app_init ] --START--
INFO: Run Behavior\BuildLiteBehavior [ RunTime:0.000035s ]
INFO: [ app_init ] --END-- [ RunTime:0.000760s ]
ERR: SQLSTATE[23000]: Integrity constraint violation: 1062 Duplicate entry '0' for key 'PRIMARY'

[ 2015-08-16T20:13:57+08:00 ] 127.0.0.1 /aa/admin.php/Home/Goods/add
INFO: [ app_init ] --START--
INFO: Run Behavior\BuildLiteBehavior [ RunTime:0.000037s ]
INFO: [ app_init ] --END-- [ RunTime:0.000784s ]
ERR: SQLSTATE[23000]: Integrity constraint violation: 1062 Duplicate entry '0' for key 'PRIMARY'

[ 2015-08-16T20:20:19+08:00 ] 127.0.0.1 /aa/admin.php/Home/Goods/add
INFO: [ app_init ] --START--
INFO: Run Behavior\BuildLiteBehavior [ RunTime:0.000037s ]
INFO: [ app_init ] --END-- [ RunTime:0.001106s ]
ERR: SQLSTATE[23000]: Integrity constraint violation: 1062 Duplicate entry '0' for key 'PRIMARY'

[ 2015-08-16T20:20:33+08:00 ] 127.0.0.1 /aa/admin.php/Home/Goods/add
INFO: [ app_init ] --START--
INFO: Run Behavior\BuildLiteBehavior [ RunTime:0.000038s ]
INFO: [ app_init ] --END-- [ RunTime:0.002157s ]
ERR: SQLSTATE[23000]: Integrity constraint violation: 1062 Duplicate entry '1' for key 'PRIMARY'

[ 2015-08-16T20:20:44+08:00 ] 127.0.0.1 /aa/admin.php/Home/Goods/add
INFO: [ app_init ] --START--
INFO: Run Behavior\BuildLiteBehavior [ RunTime:0.000035s ]
INFO: [ app_init ] --END-- [ RunTime:0.000724s ]

[ 2015-08-16T20:20:45+08:00 ] 127.0.0.1 /aa/admin.php/Home/Goods/add_view
INFO: [ app_init ] --START--
INFO: Run Behavior\BuildLiteBehavior [ RunTime:0.000037s ]
INFO: [ app_init ] --END-- [ RunTime:0.000740s ]

[ 2015-08-16T20:21:20+08:00 ] 127.0.0.1 /aa/admin.php/Home/Goods/add
INFO: [ app_init ] --START--
INFO: Run Behavior\BuildLiteBehavior [ RunTime:0.000032s ]
INFO: [ app_init ] --END-- [ RunTime:0.000655s ]

[ 2015-08-16T20:21:21+08:00 ] 127.0.0.1 /aa/admin.php/Home/Goods/add_view
INFO: [ app_init ] --START--
INFO: Run Behavior\BuildLiteBehavior [ RunTime:0.000035s ]
INFO: [ app_init ] --END-- [ RunTime:0.000843s ]

[ 2015-08-16T20:22:42+08:00 ] 127.0.0.1 /aa/admin.php/Home/Goods/add_view
INFO: [ app_init ] --START--
INFO: Run Behavior\BuildLiteBehavior [ RunTime:0.000038s ]
INFO: [ app_init ] --END-- [ RunTime:0.000830s ]

[ 2015-08-16T20:22:51+08:00 ] 127.0.0.1 /aa/admin.php/Home/Goods/add
INFO: [ app_init ] --START--
INFO: Run Behavior\BuildLiteBehavior [ RunTime:0.000037s ]
INFO: [ app_init ] --END-- [ RunTime:0.001199s ]

[ 2015-08-16T20:22:52+08:00 ] 127.0.0.1 /aa/admin.php/Home/Goods/add_view
INFO: [ app_init ] --START--
INFO: Run Behavior\BuildLiteBehavior [ RunTime:0.000035s ]
INFO: [ app_init ] --END-- [ RunTime:0.000752s ]

[ 2015-08-16T20:22:55+08:00 ] 127.0.0.1 /aa/admin.php/Home/Goods/add_view
INFO: [ app_init ] --START--
INFO: Run Behavior\BuildLiteBehavior [ RunTime:0.000039s ]
INFO: [ app_init ] --END-- [ RunTime:0.001613s ]

[ 2015-08-16T20:23:55+08:00 ] 127.0.0.1 /aa/admin.php/Home/Goods/add
INFO: [ app_init ] --START--
INFO: Run Behavior\BuildLiteBehavior [ RunTime:0.000037s ]
INFO: [ app_init ] --END-- [ RunTime:0.000806s ]

[ 2015-08-16T20:23:56+08:00 ] 127.0.0.1 /aa/admin.php/Home/Goods/add_view
INFO: [ app_init ] --START--
INFO: Run Behavior\BuildLiteBehavior [ RunTime:0.000041s ]
INFO: [ app_init ] --END-- [ RunTime:0.000887s ]

[ 2015-08-16T20:24:58+08:00 ] 127.0.0.1 /aa/admin.php/Home/Goods/add
INFO: [ app_init ] --START--
INFO: Run Behavior\BuildLiteBehavior [ RunTime:0.000035s ]
INFO: [ app_init ] --END-- [ RunTime:0.000766s ]

[ 2015-08-16T20:25:00+08:00 ] 127.0.0.1 /aa/admin.php/Home/Goods/add_view
INFO: [ app_init ] --START--
INFO: Run Behavior\BuildLiteBehavior [ RunTime:0.000038s ]
INFO: [ app_init ] --END-- [ RunTime:0.000945s ]

[ 2015-08-16T20:26:22+08:00 ] 127.0.0.1 /aa/admin.php/Home/Goods/add
INFO: [ app_init ] --START--
INFO: Run Behavior\BuildLiteBehavior [ RunTime:0.000036s ]
INFO: [ app_init ] --END-- [ RunTime:0.000759s ]

[ 2015-08-16T20:26:24+08:00 ] 127.0.0.1 /aa/admin.php/Home/Goods/add_view
INFO: [ app_init ] --START--
INFO: Run Behavior\BuildLiteBehavior [ RunTime:0.000043s ]
INFO: [ app_init ] --END-- [ RunTime:0.000837s ]

[ 2015-08-16T21:07:23+08:00 ] 127.0.0.1 /aa/admin.php/Home/Admin/admin
INFO: [ app_init ] --START--
INFO: Run Behavior\BuildLiteBehavior [ RunTime:0.000036s ]
INFO: [ app_init ] --END-- [ RunTime:0.000972s ]

[ 2015-08-16T21:07:23+08:00 ] 127.0.0.1 /aa/admin.php/Home/Admin/indent.php
INFO: [ app_init ] --START--
INFO: Run Behavior\BuildLiteBehavior [ RunTime:0.000038s ]
INFO: [ app_init ] --END-- [ RunTime:0.000757s ]
ERR: 非法操作:indent.php

[ 2015-08-16T21:07:34+08:00 ] 127.0.0.1 /aa/admin.php/Home/Goods/show
INFO: [ app_init ] --START--
INFO: Run Behavior\BuildLiteBehavior [ RunTime:0.000034s ]
INFO: [ app_init ] --END-- [ RunTime:0.000726s ]

[ 2015-08-16T21:07:36+08:00 ] 127.0.0.1 /aa/admin.php/Home/Category/show
INFO: [ app_init ] --START--
INFO: Run Behavior\BuildLiteBehavior [ RunTime:0.000042s ]
INFO: [ app_init ] --END-- [ RunTime:0.001150s ]

[ 2015-08-16T21:07:38+08:00 ] 127.0.0.1 /aa/admin.php/Home/Category/add_view
INFO: [ app_init ] --START--
INFO: Run Behavior\BuildLiteBehavior [ RunTime:0.000040s ]
INFO: [ app_init ] --END-- [ RunTime:0.000848s ]

[ 2015-08-16T21:07:40+08:00 ] 127.0.0.1 /aa/admin.php/Home/Category/show
INFO: [ app_init ] --START--
INFO: Run Behavior\BuildLiteBehavior [ RunTime:0.000038s ]
INFO: [ app_init ] --END-- [ RunTime:0.000854s ]

[ 2015-08-16T21:07:41+08:00 ] 127.0.0.1 /aa/admin.php/Home/Category/add_view
INFO: [ app_init ] --START--
INFO: Run Behavior\BuildLiteBehavior [ RunTime:0.000050s ]
INFO: [ app_init ] --END-- [ RunTime:0.001040s ]

[ 2015-08-16T21:07:42+08:00 ] 127.0.0.1 /aa/admin.php/Home/Category/show
INFO: [ app_init ] --START--
INFO: Run Behavior\BuildLiteBehavior [ RunTime:0.000034s ]
INFO: [ app_init ] --END-- [ RunTime:0.000733s ]

[ 2015-08-16T21:07:45+08:00 ] 127.0.0.1 /aa/admin.php/Home/Category/add_view
INFO: [ app_init ] --START--
INFO: Run Behavior\BuildLiteBehavior [ RunTime:0.000037s ]
INFO: [ app_init ] --END-- [ RunTime:0.000868s ]

[ 2015-08-16T21:07:45+08:00 ] 127.0.0.1 /aa/admin.php/Home/Category/show
INFO: [ app_init ] --START--
INFO: Run Behavior\BuildLiteBehavior [ RunTime:0.000036s ]
INFO: [ app_init ] --END-- [ RunTime:0.000935s ]

[ 2015-08-16T21:07:47+08:00 ] 127.0.0.1 /aa/admin.php/Home/Category/add_view
INFO: [ app_init ] --START--
INFO: Run Behavior\BuildLiteBehavior [ RunTime:0.000035s ]
INFO: [ app_init ] --END-- [ RunTime:0.000843s ]

[ 2015-08-16T21:07:49+08:00 ] 127.0.0.1 /aa/admin.php/Home/Category/show
INFO: [ app_init ] --START--
INFO: Run Behavior\BuildLiteBehavior [ RunTime:0.000038s ]
INFO: [ app_init ] --END-- [ RunTime:0.000876s ]

[ 2015-08-16T21:08:53+08:00 ] 127.0.0.1 /aa/admin.php/Home/Goods/add_view
INFO: [ app_init ] --START--
INFO: Run Behavior\BuildLiteBehavior [ RunTime:0.000036s ]
INFO: [ app_init ] --END-- [ RunTime:0.000788s ]

[ 2015-08-16T21:08:55+08:00 ] 127.0.0.1 /aa/admin.php/Home/Goods/show
INFO: [ app_init ] --START--
INFO: Run Behavior\BuildLiteBehavior [ RunTime:0.000045s ]
INFO: [ app_init ] --END-- [ RunTime:0.001050s ]

[ 2015-08-16T21:08:57+08:00 ] 127.0.0.1 /aa/admin.php/Home/Goods/add_view
INFO: [ app_init ] --START--
INFO: Run Behavior\BuildLiteBehavior [ RunTime:0.000049s ]
INFO: [ app_init ] --END-- [ RunTime:0.001223s ]

[ 2015-08-16T21:08:58+08:00 ] 127.0.0.1 /aa/admin.php/Home/Admin/customer.php
INFO: [ app_init ] --START--
INFO: Run Behavior\BuildLiteBehavior [ RunTime:0.000046s ]
INFO: [ app_init ] --END-- [ RunTime:0.000936s ]
ERR: 非法操作:customer.php

[ 2015-08-16T21:08:59+08:00 ] 127.0.0.1 /aa/admin.php/Home/Goods/add_view
INFO: [ app_init ] --START--
INFO: Run Behavior\BuildLiteBehavior [ RunTime:0.000039s ]
INFO: [ app_init ] --END-- [ RunTime:0.000748s ]

[ 2015-08-16T21:09:04+08:00 ] 127.0.0.1 /aa/admin.php/Home/Goods/show
INFO: [ app_init ] --START--
INFO: Run Behavior\BuildLiteBehavior [ RunTime:0.000038s ]
INFO: [ app_init ] --END-- [ RunTime:0.000732s ]

[ 2015-08-16T21:09:05+08:00 ] 127.0.0.1 /aa/admin.php/Home/Goods/consult/category_id/1
INFO: [ app_init ] --START--
INFO: Run Behavior\BuildLiteBehavior [ RunTime:0.000038s ]
INFO: [ app_init ] --END-- [ RunTime:0.001260s ]

[ 2015-08-16T21:09:10+08:00 ] 127.0.0.1 /aa/admin.php/Home/Goods/show
INFO: [ app_init ] --START--
INFO: Run Behavior\BuildLiteBehavior [ RunTime:0.000044s ]
INFO: [ app_init ] --END-- [ RunTime:0.000990s ]

[ 2015-08-16T21:09:12+08:00 ] 127.0.0.1 /aa/admin.php/Home/Goods/add_view
INFO: [ app_init ] --START--
INFO: Run Behavior\BuildLiteBehavior [ RunTime:0.000034s ]
INFO: [ app_init ] --END-- [ RunTime:0.000800s ]

[ 2015-08-16T21:09:27+08:00 ] 127.0.0.1 /aa/admin.php/Home/Goods/add
INFO: [ app_init ] --START--
INFO: Run Behavior\BuildLiteBehavior [ RunTime:0.000050s ]
INFO: [ app_init ] --END-- [ RunTime:0.000834s ]

[ 2015-08-16T21:09:28+08:00 ] 127.0.0.1 /aa/admin.php/Home/Goods/add_view
INFO: [ app_init ] --START--
INFO: Run Behavior\BuildLiteBehavior [ RunTime:0.000036s ]
INFO: [ app_init ] --END-- [ RunTime:0.000784s ]

[ 2015-08-16T21:11:19+08:00 ] 127.0.0.1 /aa/admin.php/Home/Category/show
INFO: [ app_init ] --START--
INFO: Run Behavior\BuildLiteBehavior [ RunTime:0.000039s ]
INFO: [ app_init ] --END-- [ RunTime:0.000851s ]

[ 2015-08-16T21:11:20+08:00 ] 127.0.0.1 /aa/admin.php/Home/Category/add_view
INFO: [ app_init ] --START--
INFO: Run Behavior\BuildLiteBehavior [ RunTime:0.000037s ]
INFO: [ app_init ] --END-- [ RunTime:0.001217s ]

[ 2015-08-16T21:11:36+08:00 ] 127.0.0.1 /aa/admin.php/Home/Goods/show
INFO: [ app_init ] --START--
INFO: Run Behavior\BuildLiteBehavior [ RunTime:0.000038s ]
INFO: [ app_init ] --END-- [ RunTime:0.000792s ]

[ 2015-08-16T21:11:38+08:00 ] 127.0.0.1 /aa/admin.php/Home/Goods/consult/category_id/1
INFO: [ app_init ] --START--
INFO: Run Behavior\BuildLiteBehavior [ RunTime:0.000040s ]
INFO: [ app_init ] --END-- [ RunTime:0.000879s ]

[ 2015-08-16T21:12:00+08:00 ] 127.0.0.1 /aa/admin.php/Home/Goods/delete/goods_id/222
INFO: [ app_init ] --START--
INFO: Run Behavior\BuildLiteBehavior [ RunTime:0.000035s ]
INFO: [ app_init ] --END-- [ RunTime:0.000680s ]
ERR: 非法操作:delete

[ 2015-08-16T21:19:24+08:00 ] 127.0.0.1 /aa/admin.php/Home/Admin/customer.php
INFO: [ app_init ] --START--
INFO: Run Behavior\BuildLiteBehavior [ RunTime:0.000035s ]
INFO: [ app_init ] --END-- [ RunTime:0.001113s ]
ERR: 非法操作:customer.php

[ 2015-08-16T21:19:25+08:00 ] 127.0.0.1 /aa/admin.php/Home/Goods/add_view
INFO: [ app_init ] --START--
INFO: Run Behavior\BuildLiteBehavior [ RunTime:0.000034s ]
INFO: [ app_init ] --END-- [ RunTime:0.000833s ]

[ 2015-08-16T21:19:26+08:00 ] 127.0.0.1 /aa/admin.php/Home/Goods/show
INFO: [ app_init ] --START--
INFO: Run Behavior\BuildLiteBehavior [ RunTime:0.000039s ]
INFO: [ app_init ] --END-- [ RunTime:0.000802s ]

[ 2015-08-16T21:19:27+08:00 ] 127.0.0.1 /aa/admin.php/Home/Goods/add_view
INFO: [ app_init ] --START--
INFO: Run Behavior\BuildLiteBehavior [ RunTime:0.000038s ]
INFO: [ app_init ] --END-- [ RunTime:0.000906s ]

[ 2015-08-16T21:19:37+08:00 ] 127.0.0.1 /aa/admin.php/Home/Goods/add_view
INFO: [ app_init ] --START--
INFO: Run Behavior\BuildLiteBehavior [ RunTime:0.000035s ]
INFO: [ app_init ] --END-- [ RunTime:0.000773s ]

[ 2015-08-16T21:19:38+08:00 ] 127.0.0.1 /aa/admin.php/Home/Goods/show
INFO: [ app_init ] --START--
INFO: Run Behavior\BuildLiteBehavior [ RunTime:0.000036s ]
INFO: [ app_init ] --END-- [ RunTime:0.000749s ]

[ 2015-08-16T21:19:40+08:00 ] 127.0.0.1 /aa/admin.php/Home/Goods/consult/category_id/3
INFO: [ app_init ] --START--
INFO: Run Behavior\BuildLiteBehavior [ RunTime:0.000038s ]
INFO: [ app_init ] --END-- [ RunTime:0.000911s ]

[ 2015-08-16T21:19:47+08:00 ] 127.0.0.1 /aa/admin.php/Home/Goods/edit_view/goods_id/1019
INFO: [ app_init ] --START--
INFO: Run Behavior\BuildLiteBehavior [ RunTime:0.000038s ]
INFO: [ app_init ] --END-- [ RunTime:0.000923s ]

[ 2015-08-16T21:19:54+08:00 ] 127.0.0.1 /aa/admin.php/Home/Goods/edit_view/goods_id/1030
INFO: [ app_init ] --START--
INFO: Run Behavior\BuildLiteBehavior [ RunTime:0.000034s ]
INFO: [ app_init ] --END-- [ RunTime:0.000779s ]

[ 2015-08-16T21:19:58+08:00 ] 127.0.0.1 /aa/admin.php/Home/Goods/edit_view/goods_id/1039
INFO: [ app_init ] --START--
INFO: Run Behavior\BuildLiteBehavior [ RunTime:0.000079s ]
INFO: [ app_init ] --END-- [ RunTime:0.001005s ]

[ 2015-08-16T21:20:02+08:00 ] 127.0.0.1 /aa/admin.php/Home/Admin/customer.php
INFO: [ app_init ] --START--
INFO: Run Behavior\BuildLiteBehavior [ RunTime:0.000037s ]
INFO: [ app_init ] --END-- [ RunTime:0.000871s ]
ERR: 非法操作:customer.php

[ 2015-08-16T21:20:03+08:00 ] 127.0.0.1 /aa/admin.php/Home/Goods/add_view
INFO: [ app_init ] --START--
INFO: Run Behavior\BuildLiteBehavior [ RunTime:0.000045s ]
INFO: [ app_init ] --END-- [ RunTime:0.001014s ]

[ 2015-08-16T21:20:05+08:00 ] 127.0.0.1 /aa/admin.php/Home/Goods/show
INFO: [ app_init ] --START--
INFO: Run Behavior\BuildLiteBehavior [ RunTime:0.000041s ]
INFO: [ app_init ] --END-- [ RunTime:0.001039s ]

[ 2015-08-16T21:20:07+08:00 ] 127.0.0.1 /aa/admin.php/Home/Goods/add_view
INFO: [ app_init ] --START--
INFO: Run Behavior\BuildLiteBehavior [ RunTime:0.000047s ]
INFO: [ app_init ] --END-- [ RunTime:0.001795s ]

[ 2015-08-16T21:21:06+08:00 ] 127.0.0.1 /aa/admin.php/Home/Goods/add_view
INFO: [ app_init ] --START--
INFO: Run Behavior\BuildLiteBehavior [ RunTime:0.000036s ]
INFO: [ app_init ] --END-- [ RunTime:0.000855s ]

[ 2015-08-16T21:21:06+08:00 ] 127.0.0.1 /aa/admin.php/Home/Goods/show
INFO: [ app_init ] --START--
INFO: Run Behavior\BuildLiteBehavior [ RunTime:0.000051s ]
INFO: [ app_init ] --END-- [ RunTime:0.001084s ]

[ 2015-08-16T21:21:07+08:00 ] 127.0.0.1 /aa/admin.php/Home/Goods/add_view
INFO: [ app_init ] --START--
INFO: Run Behavior\BuildLiteBehavior [ RunTime:0.000037s ]
INFO: [ app_init ] --END-- [ RunTime:0.000803s ]

[ 2015-08-16T21:21:08+08:00 ] 127.0.0.1 /aa/admin.php/Home/Admin/customer.php
INFO: [ app_init ] --START--
INFO: Run Behavior\BuildLiteBehavior [ RunTime:0.000039s ]
INFO: [ app_init ] --END-- [ RunTime:0.000833s ]
ERR: 非法操作:customer.php

[ 2015-08-16T21:21:09+08:00 ] 127.0.0.1 /aa/admin.php/Home/Goods/add_view
INFO: [ app_init ] --START--
INFO: Run Behavior\BuildLiteBehavior [ RunTime:0.000082s ]
INFO: [ app_init ] --END-- [ RunTime:0.001163s ]

[ 2015-08-16T21:21:10+08:00 ] 127.0.0.1 /aa/admin.php/Home/Goods/show
INFO: [ app_init ] --START--
INFO: Run Behavior\BuildLiteBehavior [ RunTime:0.000045s ]
INFO: [ app_init ] --END-- [ RunTime:0.001049s ]

[ 2015-08-16T21:21:12+08:00 ] 127.0.0.1 /aa/admin.php/Home/Goods/consult/category_id/1
INFO: [ app_init ] --START--
INFO: Run Behavior\BuildLiteBehavior [ RunTime:0.000043s ]
INFO: [ app_init ] --END-- [ RunTime:0.001095s ]

[ 2015-08-16T21:21:35+08:00 ] 127.0.0.1 /aa/admin.php/Home/Goods/delete/goods_id/222
INFO: [ app_init ] --START--
INFO: Run Behavior\BuildLiteBehavior [ RunTime:0.000042s ]
INFO: [ app_init ] --END-- [ RunTime:0.001730s ]

[ 2015-08-16T21:21:35+08:00 ] 127.0.0.1 /aa/admin.php/Home/Goods/consult/category_id/1.html
INFO: [ app_init ] --START--
INFO: Run Behavior\BuildLiteBehavior [ RunTime:0.000034s ]
INFO: [ app_init ] --END-- [ RunTime:0.000862s ]

[ 2015-08-16T21:21:39+08:00 ] 127.0.0.1 /aa/admin.php/Home/Category/show
INFO: [ app_init ] --START--
INFO: Run Behavior\BuildLiteBehavior [ RunTime:0.000034s ]
INFO: [ app_init ] --END-- [ RunTime:0.000715s ]

[ 2015-08-16T21:21:39+08:00 ] 127.0.0.1 /aa/admin.php/Home/Category/add_view
INFO: [ app_init ] --START--
INFO: Run Behavior\BuildLiteBehavior [ RunTime:0.000038s ]
INFO: [ app_init ] --END-- [ RunTime:0.000927s ]

[ 2015-08-16T21:21:40+08:00 ] 127.0.0.1 /aa/admin.php/Home/Category/show
INFO: [ app_init ] --START--
INFO: Run Behavior\BuildLiteBehavior [ RunTime:0.000035s ]
INFO: [ app_init ] --END-- [ RunTime:0.000910s ]

[ 2015-08-16T21:21:41+08:00 ] 127.0.0.1 /aa/admin.php/Home/Category/add_view
INFO: [ app_init ] --START--
INFO: Run Behavior\BuildLiteBehavior [ RunTime:0.000048s ]
INFO: [ app_init ] --END-- [ RunTime:0.001133s ]

[ 2015-08-16T21:21:42+08:00 ] 127.0.0.1 /aa/admin.php/Home/Category/show
INFO: [ app_init ] --START--
INFO: Run Behavior\BuildLiteBehavior [ RunTime:0.000042s ]
INFO: [ app_init ] --END-- [ RunTime:0.000998s ]

[ 2015-08-16T21:35:04+08:00 ] 127.0.0.1 /xdkc/admin.php/Home/
INFO: [ app_init ] --START--
INFO: Run Behavior\BuildLiteBehavior [ RunTime:0.000053s ]
INFO: [ app_init ] --END-- [ RunTime:0.000871s ]

[ 2015-08-16T21:35:13+08:00 ] 127.0.0.1 /xdkc/admin.php/Home/Admin/admin
INFO: [ app_init ] --START--
INFO: Run Behavior\BuildLiteBehavior [ RunTime:0.000044s ]
INFO: [ app_init ] --END-- [ RunTime:0.001039s ]

[ 2015-08-16T21:35:13+08:00 ] 127.0.0.1 /xdkc/admin.php/Home/Admin/indent.php
INFO: [ app_init ] --START--
INFO: Run Behavior\BuildLiteBehavior [ RunTime:0.000038s ]
INFO: [ app_init ] --END-- [ RunTime:0.001193s ]
ERR: 非法操作:indent.php

[ 2015-08-16T21:35:15+08:00 ] 127.0.0.1 /xdkc/admin.php/Home/Admin/customer.php
INFO: [ app_init ] --START--
INFO: Run Behavior\BuildLiteBehavior [ RunTime:0.000033s ]
INFO: [ app_init ] --END-- [ RunTime:0.000622s ]
ERR: 非法操作:customer.php

[ 2015-08-16T21:56:52+08:00 ] 127.0.0.1 /xdkc/admin.php/Home/Admin/customer.php
INFO: [ app_init ] --START--
INFO: Run Behavior\BuildLiteBehavior [ RunTime:0.000034s ]
INFO: [ app_init ] --END-- [ RunTime:0.000735s ]
ERR: 非法操作:customer.php

[ 2015-08-16T21:56:53+08:00 ] 127.0.0.1 /xdkc/admin.php/Home/Goods/add_view
INFO: [ app_init ] --START--
INFO: Run Behavior\BuildLiteBehavior [ RunTime:0.000038s ]
INFO: [ app_init ] --END-- [ RunTime:0.000911s ]

[ 2015-08-16T21:57:07+08:00 ] 127.0.0.1 /xdkc/admin.php/Home/Admin/customer.php
INFO: [ app_init ] --START--
INFO: Run Behavior\BuildLiteBehavior [ RunTime:0.000035s ]
INFO: [ app_init ] --END-- [ RunTime:0.000744s ]
ERR: 非法操作:customer.php

[ 2015-08-16T21:57:28+08:00 ] 127.0.0.1 /xdkc/admin.php/Home/Goods/add_view
INFO: [ app_init ] --START--
INFO: Run Behavior\BuildLiteBehavior [ RunTime:0.000038s ]
INFO: [ app_init ] --END-- [ RunTime:0.000726s ]

[ 2015-08-16T21:57:30+08:00 ] 127.0.0.1 /xdkc/admin.php/Home/Admin/customer.php
INFO: [ app_init ] --START--
INFO: Run Behavior\BuildLiteBehavior [ RunTime:0.000038s ]
INFO: [ app_init ] --END-- [ RunTime:0.001335s ]
ERR: 非法操作:customer.php

[ 2015-08-16T22:06:53+08:00 ] 127.0.0.1 /xdkc/admin.php/Home/Goods/show
INFO: [ app_init ] --START--
INFO: Run Behavior\BuildLiteBehavior [ RunTime:0.000036s ]
INFO: [ app_init ] --END-- [ RunTime:0.000815s ]

[ 2015-08-16T22:06:54+08:00 ] 127.0.0.1 /xdkc/admin.php/Home/Goods/add_view
INFO: [ app_init ] --START--
INFO: Run Behavior\BuildLiteBehavior [ RunTime:0.000035s ]
INFO: [ app_init ] --END-- [ RunTime:0.000714s ]

[ 2015-08-16T22:06:54+08:00 ] 127.0.0.1 /xdkc/admin.php/Home/Goods/show
INFO: [ app_init ] --START--
INFO: Run Behavior\BuildLiteBehavior [ RunTime:0.000039s ]
INFO: [ app_init ] --END-- [ RunTime:0.000733s ]

[ 2015-08-16T22:12:59+08:00 ] 127.0.0.1 /xdkc/admin.php/Home/Goods/add_view
INFO: [ app_init ] --START--
INFO: Run Behavior\BuildLiteBehavior [ RunTime:0.000064s ]
INFO: [ app_init ] --END-- [ RunTime:0.001122s ]

[ 2015-08-16T22:13:00+08:00 ] 127.0.0.1 /xdkc/admin.php/Home/Goods/show
INFO: [ app_init ] --START--
INFO: Run Behavior\BuildLiteBehavior [ RunTime:0.000043s ]
INFO: [ app_init ] --END-- [ RunTime:0.000833s ]

[ 2015-08-16T22:13:01+08:00 ] 127.0.0.1 /xdkc/admin.php/Home/Admin/customer.php
INFO: [ app_init ] --START--
INFO: Run Behavior\BuildLiteBehavior [ RunTime:0.000052s ]
INFO: [ app_init ] --END-- [ RunTime:0.001197s ]
ERR: 非法操作:customer.php

[ 2015-08-16T22:13:10+08:00 ] 127.0.0.1 /xdkc/admin.php/Home/Admin/customer.php
INFO: [ app_init ] --START--
INFO: Run Behavior\BuildLiteBehavior [ RunTime:0.000040s ]
INFO: [ app_init ] --END-- [ RunTime:0.000761s ]
ERR: 非法操作:customer.php

[ 2015-08-16T22:13:11+08:00 ] 127.0.0.1 /xdkc/admin.php/Home/Goods/add_view
INFO: [ app_init ] --START--
INFO: Run Behavior\BuildLiteBehavior [ RunTime:0.000055s ]
INFO: [ app_init ] --END-- [ RunTime:0.001105s ]

[ 2015-08-16T22:13:11+08:00 ] 127.0.0.1 /xdkc/admin.php/Home/Admin/customer.php
INFO: [ app_init ] --START--
INFO: Run Behavior\BuildLiteBehavior [ RunTime:0.000036s ]
INFO: [ app_init ] --END-- [ RunTime:0.000689s ]
ERR: 非法操作:customer.php

[ 2015-08-16T22:13:30+08:00 ] 127.0.0.1 /xdkc/admin.php/Home/Admin/customer.php
INFO: [ app_init ] --START--
INFO: Run Behavior\BuildLiteBehavior [ RunTime:0.000039s ]
INFO: [ app_init ] --END-- [ RunTime:0.000767s ]
ERR: 非法操作:customer.php

[ 2015-08-16T22:13:30+08:00 ] 127.0.0.1 /xdkc/admin.php/Home/Admin/customer.php
INFO: [ app_init ] --START--
INFO: Run Behavior\BuildLiteBehavior [ RunTime:0.000037s ]
INFO: [ app_init ] --END-- [ RunTime:0.000680s ]
ERR: 非法操作:customer.php

[ 2015-08-16T22:13:31+08:00 ] 127.0.0.1 /xdkc/admin.php/Home/Admin/customer.php
INFO: [ app_init ] --START--
INFO: Run Behavior\BuildLiteBehavior [ RunTime:0.000050s ]
INFO: [ app_init ] --END-- [ RunTime:0.000913s ]
ERR: 非法操作:customer.php

[ 2015-08-16T22:13:38+08:00 ] 127.0.0.1 /xdkc/admin.php/Home/Admin/customer.php
INFO: [ app_init ] --START--
INFO: Run Behavior\BuildLiteBehavior [ RunTime:0.000040s ]
INFO: [ app_init ] --END-- [ RunTime:0.000790s ]
ERR: 非法操作:customer.php

[ 2015-08-16T22:13:39+08:00 ] 127.0.0.1 /xdkc/admin.php/Home/Admin/admin
INFO: [ app_init ] --START--
INFO: Run Behavior\BuildLiteBehavior [ RunTime:0.000036s ]
INFO: [ app_init ] --END-- [ RunTime:0.000652s ]

[ 2015-08-16T22:13:39+08:00 ] 127.0.0.1 /xdkc/admin.php/Home/Admin/indent.php
INFO: [ app_init ] --START--
INFO: Run Behavior\BuildLiteBehavior [ RunTime:0.000039s ]
INFO: [ app_init ] --END-- [ RunTime:0.000674s ]
ERR: 非法操作:indent.php

[ 2015-08-16T22:14:07+08:00 ] 127.0.0.1 /xdkc/admin.php/Home/User/user
INFO: [ app_init ] --START--
INFO: Run Behavior\BuildLiteBehavior [ RunTime:0.000040s ]
INFO: [ app_init ] --END-- [ RunTime:0.000846s ]

[ 2015-08-16T22:14:09+08:00 ] 127.0.0.1 /xdkc/admin.php/Home/User/user
INFO: [ app_init ] --START--
INFO: Run Behavior\BuildLiteBehavior [ RunTime:0.000035s ]
INFO: [ app_init ] --END-- [ RunTime:0.000760s ]

[ 2015-08-16T22:14:09+08:00 ] 127.0.0.1 /xdkc/admin.php/Home/Goods/add_view
INFO: [ app_init ] --START--
INFO: Run Behavior\BuildLiteBehavior [ RunTime:0.000036s ]
INFO: [ app_init ] --END-- [ RunTime:0.000759s ]

[ 2015-08-16T22:14:13+08:00 ] 127.0.0.1 /xdkc/admin.php/Home/Goods/show
INFO: [ app_init ] --START--
INFO: Run Behavior\BuildLiteBehavior [ RunTime:0.000035s ]
INFO: [ app_init ] --END-- [ RunTime:0.000695s ]

[ 2015-08-16T22:14:14+08:00 ] 127.0.0.1 /xdkc/admin.php/Home/Goods/add_view
INFO: [ app_init ] --START--
INFO: Run Behavior\BuildLiteBehavior [ RunTime:0.000047s ]
INFO: [ app_init ] --END-- [ RunTime:0.000939s ]

[ 2015-08-16T22:14:16+08:00 ] 127.0.0.1 /xdkc/admin.php/Home/Admin/indent.php
INFO: [ app_init ] --START--
INFO: Run Behavior\BuildLiteBehavior [ RunTime:0.000036s ]
INFO: [ app_init ] --END-- [ RunTime:0.000963s ]
ERR: 非法操作:indent.php

[ 2015-08-16T22:14:17+08:00 ] 127.0.0.1 /xdkc/admin.php/Home/User/user
INFO: [ app_init ] --START--
INFO: Run Behavior\BuildLiteBehavior [ RunTime:0.000036s ]
INFO: [ app_init ] --END-- [ RunTime:0.000737s ]

[ 2015-08-16T22:15:55+08:00 ] 127.0.0.1 /xdkc/admin.php/Home/User/user
INFO: [ app_init ] --START--
INFO: Run Behavior\BuildLiteBehavior [ RunTime:0.000042s ]
INFO: [ app_init ] --END-- [ RunTime:0.000856s ]

[ 2015-08-16T22:15:55+08:00 ] 127.0.0.1 /xdkc/admin.php/Home/User/user
INFO: [ app_init ] --START--
INFO: Run Behavior\BuildLiteBehavior [ RunTime:0.000042s ]
INFO: [ app_init ] --END-- [ RunTime:0.000863s ]

[ 2015-08-16T22:16:06+08:00 ] 127.0.0.1 /xdkc/admin.php/Home/Goods/add_view
INFO: [ app_init ] --START--
INFO: Run Behavior\BuildLiteBehavior [ RunTime:0.000046s ]
INFO: [ app_init ] --END-- [ RunTime:0.001325s ]

[ 2015-08-16T22:16:08+08:00 ] 127.0.0.1 /xdkc/admin.php/Home/User/user
INFO: [ app_init ] --START--
INFO: Run Behavior\BuildLiteBehavior [ RunTime:0.000041s ]
INFO: [ app_init ] --END-- [ RunTime:0.000865s ]

[ 2015-08-16T22:16:56+08:00 ] 127.0.0.1 /xdkc/admin.php/Home/User/user
INFO: [ app_init ] --START--
INFO: Run Behavior\BuildLiteBehavior [ RunTime:0.000036s ]
INFO: [ app_init ] --END-- [ RunTime:0.000778s ]

[ 2015-08-16T22:28:24+08:00 ] 127.0.0.1 /xdkc/admin.php/Home/User/action.php?action=cus_delete&c_account=%22.$arr[
INFO: [ app_init ] --START--
INFO: Run Behavior\BuildLiteBehavior [ RunTime:0.000045s ]
INFO: [ app_init ] --END-- [ RunTime:0.001090s ]
ERR: 非法操作:action.php

[ 2015-08-16T22:28:35+08:00 ] 127.0.0.1 /xdkc/admin.php/Home/User/action.php?action=cus_delete&c_account=%22.$arr[
INFO: [ app_init ] --START--
INFO: Run Behavior\BuildLiteBehavior [ RunTime:0.000050s ]
INFO: [ app_init ] --END-- [ RunTime:0.001121s ]
ERR: 非法操作:action.php

[ 2015-08-16T22:28:38+08:00 ] 127.0.0.1 /xdkc/admin.php/Home/User/action.php?action=cus_delete&c_account=%22.$arr[
INFO: [ app_init ] --START--
INFO: Run Behavior\BuildLiteBehavior [ RunTime:0.000043s ]
INFO: [ app_init ] --END-- [ RunTime:0.001023s ]
ERR: 非法操作:action.php

[ 2015-08-16T22:28:39+08:00 ] 127.0.0.1 /xdkc/admin.php/Home/Admin/admin
INFO: [ app_init ] --START--
INFO: Run Behavior\BuildLiteBehavior [ RunTime:0.000034s ]
INFO: [ app_init ] --END-- [ RunTime:0.000753s ]

[ 2015-08-16T22:28:40+08:00 ] 127.0.0.1 /xdkc/admin.php/Home/Admin/indent.php
INFO: [ app_init ] --START--
INFO: Run Behavior\BuildLiteBehavior [ RunTime:0.000080s ]
INFO: [ app_init ] --END-- [ RunTime:0.000769s ]
ERR: 非法操作:indent.php

[ 2015-08-16T22:28:40+08:00 ] 127.0.0.1 /xdkc/admin.php/Home/Admin/admin
INFO: [ app_init ] --START--
INFO: Run Behavior\BuildLiteBehavior [ RunTime:0.000036s ]
INFO: [ app_init ] --END-- [ RunTime:0.000944s ]

[ 2015-08-16T22:28:40+08:00 ] 127.0.0.1 /xdkc/admin.php/Home/Admin/indent.php
INFO: [ app_init ] --START--
INFO: Run Behavior\BuildLiteBehavior [ RunTime:0.000037s ]
INFO: [ app_init ] --END-- [ RunTime:0.000754s ]
ERR: 非法操作:indent.php

[ 2015-08-16T22:28:47+08:00 ] 127.0.0.1 /xdkc/admin.php/Home/User/user
INFO: [ app_init ] --START--
INFO: Run Behavior\BuildLiteBehavior [ RunTime:0.000036s ]
INFO: [ app_init ] --END-- [ RunTime:0.000803s ]

[ 2015-08-16T22:30:28+08:00 ] 127.0.0.1 /xdkc/admin.php/Home/User/user
INFO: [ app_init ] --START--
INFO: Run Behavior\BuildLiteBehavior [ RunTime:0.000035s ]
INFO: [ app_init ] --END-- [ RunTime:0.000715s ]

[ 2015-08-16T22:30:30+08:00 ] 127.0.0.1 /xdkc/admin.php/Home/User/delete/user_account/0
INFO: [ app_init ] --START--
INFO: Run Behavior\BuildLiteBehavior [ RunTime:0.000049s ]
INFO: [ app_init ] --END-- [ RunTime:0.001110s ]

[ 2015-08-16T22:30:33+08:00 ] 127.0.0.1 /xdkc/admin.php/Home/Admin/admin
INFO: [ app_init ] --START--
INFO: Run Behavior\BuildLiteBehavior [ RunTime:0.000043s ]
INFO: [ app_init ] --END-- [ RunTime:0.000829s ]

[ 2015-08-16T22:30:33+08:00 ] 127.0.0.1 /xdkc/admin.php/Home/Admin/indent.php
INFO: [ app_init ] --START--
INFO: Run Behavior\BuildLiteBehavior [ RunTime:0.000036s ]
INFO: [ app_init ] --END-- [ RunTime:0.000685s ]
ERR: 非法操作:indent.php

[ 2015-08-16T22:30:35+08:00 ] 127.0.0.1 /xdkc/admin.php/Home/User/user
INFO: [ app_init ] --START--
INFO: Run Behavior\BuildLiteBehavior [ RunTime:0.000041s ]
INFO: [ app_init ] --END-- [ RunTime:0.000923s ]

[ 2015-08-16T22:35:47+08:00 ] 127.0.0.1 /xdkc/admin.php/Home/User/delete/user_account/222222
INFO: [ app_init ] --START--
INFO: Run Behavior\BuildLiteBehavior [ RunTime:0.000036s ]
INFO: [ app_init ] --END-- [ RunTime:0.000997s ]

[ 2015-08-16T22:35:47+08:00 ] 127.0.0.1 /xdkc/admin.php/Home/User/user.html
INFO: [ app_init ] --START--
INFO: Run Behavior\BuildLiteBehavior [ RunTime:0.000038s ]
INFO: [ app_init ] --END-- [ RunTime:0.000808s ]

[ 2015-08-16T22:35:50+08:00 ] 127.0.0.1 /xdkc/admin.php/Home/User/delete/user_account/2409551912
INFO: [ app_init ] --START--
INFO: Run Behavior\BuildLiteBehavior [ RunTime:0.000041s ]
INFO: [ app_init ] --END-- [ RunTime:0.000929s ]

[ 2015-08-16T22:35:50+08:00 ] 127.0.0.1 /xdkc/admin.php/Home/User/user.html
INFO: [ app_init ] --START--
INFO: Run Behavior\BuildLiteBehavior [ RunTime:0.000033s ]
INFO: [ app_init ] --END-- [ RunTime:0.000775s ]

[ 2015-08-16T22:35:53+08:00 ] 127.0.0.1 /xdkc/admin.php/Home/User/delete/user_account/999999
INFO: [ app_init ] --START--
INFO: Run Behavior\BuildLiteBehavior [ RunTime:0.000043s ]
INFO: [ app_init ] --END-- [ RunTime:0.000969s ]

[ 2015-08-16T22:35:53+08:00 ] 127.0.0.1 /xdkc/admin.php/Home/User/user.html
INFO: [ app_init ] --START--
INFO: Run Behavior\BuildLiteBehavior [ RunTime:0.000043s ]
INFO: [ app_init ] --END-- [ RunTime:0.000833s ]

[ 2015-08-16T22:35:55+08:00 ] 127.0.0.1 /xdkc/admin.php/Home/User/delete/user_account/8888888
INFO: [ app_init ] --START--
INFO: Run Behavior\BuildLiteBehavior [ RunTime:0.000034s ]
INFO: [ app_init ] --END-- [ RunTime:0.000742s ]

[ 2015-08-16T22:35:55+08:00 ] 127.0.0.1 /xdkc/admin.php/Home/User/user.html
INFO: [ app_init ] --START--
INFO: Run Behavior\BuildLiteBehavior [ RunTime:0.000035s ]
INFO: [ app_init ] --END-- [ RunTime:0.000699s ]

[ 2015-08-16T22:36:00+08:00 ] 127.0.0.1 /xdkc/admin.php/Home/User/delete/user_account/18181818
INFO: [ app_init ] --START--
INFO: Run Behavior\BuildLiteBehavior [ RunTime:0.000039s ]
INFO: [ app_init ] --END-- [ RunTime:0.000928s ]

[ 2015-08-16T22:36:00+08:00 ] 127.0.0.1 /xdkc/admin.php/Home/User/user.html
INFO: [ app_init ] --START--
INFO: Run Behavior\BuildLiteBehavior [ RunTime:0.000038s ]
INFO: [ app_init ] --END-- [ RunTime:0.000826s ]

[ 2015-08-16T22:41:58+08:00 ] 127.0.0.1 /xdkc/admin.php/Home/Admin/indent.php
INFO: [ app_init ] --START--
INFO: Run Behavior\BuildLiteBehavior [ RunTime:0.000035s ]
INFO: [ app_init ] --END-- [ RunTime:0.000696s ]
ERR: 非法操作:indent.php

[ 2015-08-16T22:54:08+08:00 ] 127.0.0.1 /xdkc/admin.php/Home/User/user
INFO: [ app_init ] --START--
INFO: Run Behavior\BuildLiteBehavior [ RunTime:0.000035s ]
INFO: [ app_init ] --END-- [ RunTime:0.000771s ]

[ 2015-08-16T22:54:22+08:00 ] 127.0.0.1 /xdkc/admin.php/Home/Admin/indent.php
INFO: [ app_init ] --START--
INFO: Run Behavior\BuildLiteBehavior [ RunTime:0.000042s ]
INFO: [ app_init ] --END-- [ RunTime:0.000973s ]
ERR: 非法操作:indent.php

[ 2015-08-16T22:54:22+08:00 ] 127.0.0.1 /xdkc/admin.php/Home/User/user
INFO: [ app_init ] --START--
INFO: Run Behavior\BuildLiteBehavior [ RunTime:0.000041s ]
INFO: [ app_init ] --END-- [ RunTime:0.000871s ]

[ 2015-08-16T22:54:24+08:00 ] 127.0.0.1 /xdkc/admin.php/Home/Admin/indent.php
INFO: [ app_init ] --START--
INFO: Run Behavior\BuildLiteBehavior [ RunTime:0.000037s ]
INFO: [ app_init ] --END-- [ RunTime:0.000839s ]
ERR: 非法操作:indent.php

[ 2015-08-16T22:54:36+08:00 ] 127.0.0.1 /xdkc/admin.php/Home/Admin/indent.php
INFO: [ app_init ] --START--
INFO: Run Behavior\BuildLiteBehavior [ RunTime:0.000037s ]
INFO: [ app_init ] --END-- [ RunTime:0.000766s ]
ERR: 非法操作:indent.php

[ 2015-08-16T22:54:36+08:00 ] 127.0.0.1 /xdkc/admin.php/Home/User/user
INFO: [ app_init ] --START--
INFO: Run Behavior\BuildLiteBehavior [ RunTime:0.000035s ]
INFO: [ app_init ] --END-- [ RunTime:0.000668s ]

[ 2015-08-16T22:54:37+08:00 ] 127.0.0.1 /xdkc/admin.php/Home/Admin/indent.php
INFO: [ app_init ] --START--
INFO: Run Behavior\BuildLiteBehavior [ RunTime:0.000035s ]
INFO: [ app_init ] --END-- [ RunTime:0.000715s ]
ERR: 非法操作:indent.php

[ 2015-08-16T22:54:38+08:00 ] 127.0.0.1 /xdkc/admin.php/Home/User/user
INFO: [ app_init ] --START--
INFO: Run Behavior\BuildLiteBehavior [ RunTime:0.000046s ]
INFO: [ app_init ] --END-- [ RunTime:0.001157s ]

[ 2015-08-16T22:56:19+08:00 ] 127.0.0.1 /xdkc/admin.php/Home/Admin/indent.php
INFO: [ app_init ] --START--
INFO: Run Behavior\BuildLiteBehavior [ RunTime:0.000039s ]
INFO: [ app_init ] --END-- [ RunTime:0.000889s ]
ERR: 非法操作:indent.php

[ 2015-08-16T23:12:26+08:00 ] 127.0.0.1 /xdkc/admin.php/Home/User/user
INFO: [ app_init ] --START--
INFO: Run Behavior\BuildLiteBehavior [ RunTime:0.000035s ]
INFO: [ app_init ] --END-- [ RunTime:0.000990s ]

[ 2015-08-16T23:12:27+08:00 ] 127.0.0.1 /xdkc/admin.php/Home/Admin/indent.php
INFO: [ app_init ] --START--
INFO: Run Behavior\BuildLiteBehavior [ RunTime:0.000040s ]
INFO: [ app_init ] --END-- [ RunTime:0.000880s ]
ERR: 非法操作:indent.php

[ 2015-08-16T23:12:52+08:00 ] 127.0.0.1 /xdkc/admin.php/Home/Admin/admin
INFO: [ app_init ] --START--
INFO: Run Behavior\BuildLiteBehavior [ RunTime:0.000037s ]
INFO: [ app_init ] --END-- [ RunTime:0.000800s ]

[ 2015-08-16T23:12:52+08:00 ] 127.0.0.1 /xdkc/admin.php/Home/Admin/indent.php
INFO: [ app_init ] --START--
INFO: Run Behavior\BuildLiteBehavior [ RunTime:0.000036s ]
INFO: [ app_init ] --END-- [ RunTime:0.000709s ]
ERR: 非法操作:indent.php

[ 2015-08-16T23:12:54+08:00 ] 127.0.0.1 /xdkc/admin.php/Home/User/user
INFO: [ app_init ] --START--
INFO: Run Behavior\BuildLiteBehavior [ RunTime:0.000047s ]
INFO: [ app_init ] --END-- [ RunTime:0.001042s ]

[ 2015-08-16T23:12:55+08:00 ] 127.0.0.1 /xdkc/admin.php/Home/Order/order
INFO: [ app_init ] --START--
INFO: Run Behavior\BuildLiteBehavior [ RunTime:0.000039s ]
INFO: [ app_init ] --END-- [ RunTime:0.000837s ]

[ 2015-08-16T23:16:05+08:00 ] 127.0.0.1 /xdkc/admin.php/Home/Admin/admin
INFO: [ app_init ] --START--
INFO: Run Behavior\BuildLiteBehavior [ RunTime:0.000039s ]
INFO: [ app_init ] --END-- [ RunTime:0.000832s ]

[ 2015-08-16T23:16:05+08:00 ] 127.0.0.1 /xdkc/admin.php/Home/Admin/indent.php
INFO: [ app_init ] --START--
INFO: Run Behavior\BuildLiteBehavior [ RunTime:0.000037s ]
INFO: [ app_init ] --END-- [ RunTime:0.000752s ]
ERR: 非法操作:indent.php

[ 2015-08-16T23:16:06+08:00 ] 127.0.0.1 /xdkc/admin.php/Home/Goods/show
INFO: [ app_init ] --START--
INFO: Run Behavior\BuildLiteBehavior [ RunTime:0.000046s ]
INFO: [ app_init ] --END-- [ RunTime:0.001040s ]

[ 2015-08-16T23:16:06+08:00 ] 127.0.0.1 /xdkc/admin.php/Home/Goods/add_view
INFO: [ app_init ] --START--
INFO: Run Behavior\BuildLiteBehavior [ RunTime:0.000041s ]
INFO: [ app_init ] --END-- [ RunTime:0.000880s ]

[ 2015-08-16T23:16:07+08:00 ] 127.0.0.1 /xdkc/admin.php/Home/User/user
INFO: [ app_init ] --START--
INFO: Run Behavior\BuildLiteBehavior [ RunTime:0.000050s ]
INFO: [ app_init ] --END-- [ RunTime:0.001011s ]

[ 2015-08-16T23:16:08+08:00 ] 127.0.0.1 /xdkc/admin.php/Home/Order/order
INFO: [ app_init ] --START--
INFO: Run Behavior\BuildLiteBehavior [ RunTime:0.000046s ]
INFO: [ app_init ] --END-- [ RunTime:0.001030s ]

[ 2015-08-16T23:16:51+08:00 ] 127.0.0.1 /xdkc/admin.php/Home/Goods/add_view
INFO: [ app_init ] --START--
INFO: Run Behavior\BuildLiteBehavior [ RunTime:0.000037s ]
INFO: [ app_init ] --END-- [ RunTime:0.000766s ]

[ 2015-08-16T23:16:52+08:00 ] 127.0.0.1 /xdkc/admin.php/Home/User/user
INFO: [ app_init ] --START--
INFO: Run Behavior\BuildLiteBehavior [ RunTime:0.000039s ]
INFO: [ app_init ] --END-- [ RunTime:0.000839s ]

[ 2015-08-16T23:17:03+08:00 ] 127.0.0.1 /xdkc/admin.php/Home/Order/order
INFO: [ app_init ] --START--
INFO: Run Behavior\BuildLiteBehavior [ RunTime:0.000035s ]
INFO: [ app_init ] --END-- [ RunTime:0.000764s ]

[ 2015-08-16T23:17:04+08:00 ] 127.0.0.1 /xdkc/admin.php/Home/User/user
INFO: [ app_init ] --START--
INFO: Run Behavior\BuildLiteBehavior [ RunTime:0.000043s ]
INFO: [ app_init ] --END-- [ RunTime:0.001001s ]

[ 2015-08-16T23:17:07+08:00 ] 127.0.0.1 /xdkc/admin.php/Home/Goods/add_view
INFO: [ app_init ] --START--
INFO: Run Behavior\BuildLiteBehavior [ RunTime:0.000048s ]
INFO: [ app_init ] --END-- [ RunTime:0.001083s ]

[ 2015-08-16T23:17:07+08:00 ] 127.0.0.1 /xdkc/admin.php/Home/User/user
INFO: [ app_init ] --START--
INFO: Run Behavior\BuildLiteBehavior [ RunTime:0.000048s ]
INFO: [ app_init ] --END-- [ RunTime:0.001034s ]

[ 2015-08-16T23:17:09+08:00 ] 127.0.0.1 /xdkc/admin.php/Home/Order/order
INFO: [ app_init ] --START--
INFO: Run Behavior\BuildLiteBehavior [ RunTime:0.000044s ]
INFO: [ app_init ] --END-- [ RunTime:0.000978s ]

[ 2015-08-16T23:27:38+08:00 ] 127.0.0.1 /xdkc/admin.php/Home/Order/order
INFO: [ app_init ] --START--
INFO: Run Behavior\BuildLiteBehavior [ RunTime:0.000036s ]
INFO: [ app_init ] --END-- [ RunTime:0.000784s ]

[ 2015-08-16T23:27:57+08:00 ] 127.0.0.1 /xdkc/admin.php/Home/Admin/admin
INFO: [ app_init ] --START--
INFO: Run Behavior\BuildLiteBehavior [ RunTime:0.000039s ]
INFO: [ app_init ] --END-- [ RunTime:0.001132s ]

[ 2015-08-16T23:27:57+08:00 ] 127.0.0.1 /xdkc/admin.php/Home/Admin/indent.php
INFO: [ app_init ] --START--
INFO: Run Behavior\BuildLiteBehavior [ RunTime:0.000036s ]
INFO: [ app_init ] --END-- [ RunTime:0.000764s ]
ERR: 非法操作:indent.php

[ 2015-08-16T23:27:59+08:00 ] 127.0.0.1 /xdkc/admin.php/Home/Order/order
INFO: [ app_init ] --START--
INFO: Run Behavior\BuildLiteBehavior [ RunTime:0.000042s ]
INFO: [ app_init ] --END-- [ RunTime:0.001312s ]

[ 2015-08-16T23:28:21+08:00 ] 127.0.0.1 /xdkc/admin.php/Home/Order/order
INFO: [ app_init ] --START--
INFO: Run Behavior\BuildLiteBehavior [ RunTime:0.000036s ]
INFO: [ app_init ] --END-- [ RunTime:0.000762s ]

