[ 2015-08-17T09:52:17+08:00 ] 127.0.0.1 /xdkc/admin.php/Home/Admin/admin
INFO: [ app_init ] --START--
INFO: Run Behavior\BuildLiteBehavior [ RunTime:0.000036s ]
INFO: [ app_init ] --END-- [ RunTime:0.001222s ]

[ 2015-08-17T09:52:17+08:00 ] 127.0.0.1 /xdkc/admin.php/Home/Admin/indent.php
INFO: [ app_init ] --START--
INFO: Run Behavior\BuildLiteBehavior [ RunTime:0.000033s ]
INFO: [ app_init ] --END-- [ RunTime:0.000604s ]
ERR: 非法操作:indent.php

[ 2015-08-17T09:52:24+08:00 ] 127.0.0.1 /xdkc/admin.php/Home/Order/order
INFO: [ app_init ] --START--
INFO: Run Behavior\BuildLiteBehavior [ RunTime:0.000039s ]
INFO: [ app_init ] --END-- [ RunTime:0.000842s ]

[ 2015-08-17T13:47:20+08:00 ] 127.0.0.1 /xdkc/admin.php/Home/Admin/admin
INFO: [ app_init ] --START--
INFO: Run Behavior\BuildLiteBehavior [ RunTime:0.000058s ]
INFO: [ app_init ] --END-- [ RunTime:0.015427s ]

[ 2015-08-17T13:47:20+08:00 ] 127.0.0.1 /xdkc/admin.php/Home/Admin/indent.php
INFO: [ app_init ] --START--
INFO: Run Behavior\BuildLiteBehavior [ RunTime:0.000036s ]
INFO: [ app_init ] --END-- [ RunTime:0.001620s ]
ERR: 非法操作:indent.php

[ 2015-08-17T13:47:21+08:00 ] 127.0.0.1 /xdkc/admin.php/Home/User/user
INFO: [ app_init ] --START--
INFO: Run Behavior\BuildLiteBehavior [ RunTime:0.000035s ]
INFO: [ app_init ] --END-- [ RunTime:0.000975s ]

[ 2015-08-17T13:47:23+08:00 ] 127.0.0.1 /xdkc/admin.php/Home/Order/order
INFO: [ app_init ] --START--
INFO: Run Behavior\BuildLiteBehavior [ RunTime:0.000033s ]
INFO: [ app_init ] --END-- [ RunTime:0.000933s ]

[ 2015-08-17T13:51:57+08:00 ] 127.0.0.1 /xdkc/admin.php/Home/Order/order
INFO: [ app_init ] --START--
INFO: Run Behavior\BuildLiteBehavior [ RunTime:0.000034s ]
INFO: [ app_init ] --END-- [ RunTime:0.000739s ]

[ 2015-08-17T13:51:58+08:00 ] 127.0.0.1 /xdkc/admin.php/Home/Order/order
INFO: [ app_init ] --START--
INFO: Run Behavior\BuildLiteBehavior [ RunTime:0.000033s ]
INFO: [ app_init ] --END-- [ RunTime:0.000851s ]

[ 2015-08-17T13:51:58+08:00 ] 127.0.0.1 /xdkc/admin.php/Home/Order/order
INFO: [ app_init ] --START--
INFO: Run Behavior\BuildLiteBehavior [ RunTime:0.000033s ]
INFO: [ app_init ] --END-- [ RunTime:0.000791s ]

[ 2015-08-17T13:52:00+08:00 ] 127.0.0.1 /xdkc/admin.php/Home/Admin/admin
INFO: [ app_init ] --START--
INFO: Run Behavior\BuildLiteBehavior [ RunTime:0.000048s ]
INFO: [ app_init ] --END-- [ RunTime:0.000779s ]

[ 2015-08-17T13:52:00+08:00 ] 127.0.0.1 /xdkc/admin.php/Home/Admin/indent.php
INFO: [ app_init ] --START--
INFO: Run Behavior\BuildLiteBehavior [ RunTime:0.000035s ]
INFO: [ app_init ] --END-- [ RunTime:0.000773s ]
ERR: 非法操作:indent.php

[ 2015-08-17T13:52:01+08:00 ] 127.0.0.1 /xdkc/admin.php/Home/Order/order
INFO: [ app_init ] --START--
INFO: Run Behavior\BuildLiteBehavior [ RunTime:0.000035s ]
INFO: [ app_init ] --END-- [ RunTime:0.000730s ]

[ 2015-08-17T13:52:28+08:00 ] 127.0.0.1 /xdkc/admin.php/Home/Admin/admin
INFO: [ app_init ] --START--
INFO: Run Behavior\BuildLiteBehavior [ RunTime:0.000035s ]
INFO: [ app_init ] --END-- [ RunTime:0.000710s ]

[ 2015-08-17T13:52:28+08:00 ] 127.0.0.1 /xdkc/admin.php/Home/Admin/indent.php
INFO: [ app_init ] --START--
INFO: Run Behavior\BuildLiteBehavior [ RunTime:0.000053s ]
INFO: [ app_init ] --END-- [ RunTime:0.000703s ]
ERR: 非法操作:indent.php

[ 2015-08-17T13:52:30+08:00 ] 127.0.0.1 /xdkc/admin.php/Home/Order/order
INFO: [ app_init ] --START--
INFO: Run Behavior\BuildLiteBehavior [ RunTime:0.000035s ]
INFO: [ app_init ] --END-- [ RunTime:0.000728s ]

[ 2015-08-17T13:53:14+08:00 ] 127.0.0.1 /xdkc/admin.php/Home/Order/order
INFO: [ app_init ] --START--
INFO: Run Behavior\BuildLiteBehavior [ RunTime:0.000032s ]
INFO: [ app_init ] --END-- [ RunTime:0.000720s ]

[ 2015-08-17T13:53:35+08:00 ] 127.0.0.1 /xdkc/admin.php/Home/Order/order
INFO: [ app_init ] --START--
INFO: Run Behavior\BuildLiteBehavior [ RunTime:0.000036s ]
INFO: [ app_init ] --END-- [ RunTime:0.000725s ]

[ 2015-08-17T13:53:50+08:00 ] 127.0.0.1 /xdkc/admin.php/Home/Order/order
INFO: [ app_init ] --START--
INFO: Run Behavior\BuildLiteBehavior [ RunTime:0.000033s ]
INFO: [ app_init ] --END-- [ RunTime:0.000774s ]

[ 2015-08-17T13:54:12+08:00 ] 127.0.0.1 /xdkc/admin.php/Home/Order/order
INFO: [ app_init ] --START--
INFO: Run Behavior\BuildLiteBehavior [ RunTime:0.000055s ]
INFO: [ app_init ] --END-- [ RunTime:0.000769s ]

[ 2015-08-17T13:54:55+08:00 ] 127.0.0.1 /xdkc/admin.php/Home/Order/order
INFO: [ app_init ] --START--
INFO: Run Behavior\BuildLiteBehavior [ RunTime:0.000035s ]
INFO: [ app_init ] --END-- [ RunTime:0.000979s ]

[ 2015-08-17T13:55:07+08:00 ] 127.0.0.1 /xdkc/admin.php/Home/Order/order
INFO: [ app_init ] --START--
INFO: Run Behavior\BuildLiteBehavior [ RunTime:0.000031s ]
INFO: [ app_init ] --END-- [ RunTime:0.000720s ]

[ 2015-08-17T13:57:14+08:00 ] 127.0.0.1 /xdkc/admin.php/Home/Order/order
INFO: [ app_init ] --START--
INFO: Run Behavior\BuildLiteBehavior [ RunTime:0.000032s ]
INFO: [ app_init ] --END-- [ RunTime:0.000739s ]

[ 2015-08-17T13:57:28+08:00 ] 127.0.0.1 /xdkc/admin.php/Home/Order/order
INFO: [ app_init ] --START--
INFO: Run Behavior\BuildLiteBehavior [ RunTime:0.000036s ]
INFO: [ app_init ] --END-- [ RunTime:0.000928s ]

[ 2015-08-17T13:57:49+08:00 ] 127.0.0.1 /xdkc/admin.php/Home/User/user
INFO: [ app_init ] --START--
INFO: Run Behavior\BuildLiteBehavior [ RunTime:0.000036s ]
INFO: [ app_init ] --END-- [ RunTime:0.000874s ]

[ 2015-08-17T13:57:49+08:00 ] 127.0.0.1 /xdkc/admin.php/Home/Order/order
INFO: [ app_init ] --START--
INFO: Run Behavior\BuildLiteBehavior [ RunTime:0.000033s ]
INFO: [ app_init ] --END-- [ RunTime:0.000733s ]

[ 2015-08-17T13:58:59+08:00 ] 127.0.0.1 /xdkc/admin.php/Home/Order/order
INFO: [ app_init ] --START--
INFO: Run Behavior\BuildLiteBehavior [ RunTime:0.000036s ]
INFO: [ app_init ] --END-- [ RunTime:0.000755s ]

[ 2015-08-17T14:00:37+08:00 ] 127.0.0.1 /xdkc/admin.php/Home/Order/order
INFO: [ app_init ] --START--
INFO: Run Behavior\BuildLiteBehavior [ RunTime:0.000035s ]
INFO: [ app_init ] --END-- [ RunTime:0.000810s ]

[ 2015-08-17T14:00:38+08:00 ] 127.0.0.1 /xdkc/admin.php/Home/User/user
INFO: [ app_init ] --START--
INFO: Run Behavior\BuildLiteBehavior [ RunTime:0.000034s ]
INFO: [ app_init ] --END-- [ RunTime:0.000742s ]

[ 2015-08-17T14:04:01+08:00 ] 127.0.0.1 /xdkc/admin.php/Home/User/user
INFO: [ app_init ] --START--
INFO: Run Behavior\BuildLiteBehavior [ RunTime:0.000035s ]
INFO: [ app_init ] --END-- [ RunTime:0.001101s ]

[ 2015-08-17T14:04:02+08:00 ] 127.0.0.1 /xdkc/admin.php/Home/Goods/add_view
INFO: [ app_init ] --START--
INFO: Run Behavior\BuildLiteBehavior [ RunTime:0.000037s ]
INFO: [ app_init ] --END-- [ RunTime:0.000839s ]

[ 2015-08-17T14:04:02+08:00 ] 127.0.0.1 /xdkc/admin.php/Home/Goods/show
INFO: [ app_init ] --START--
INFO: Run Behavior\BuildLiteBehavior [ RunTime:0.000042s ]
INFO: [ app_init ] --END-- [ RunTime:0.000980s ]

[ 2015-08-17T14:04:03+08:00 ] 127.0.0.1 /xdkc/admin.php/Home/Category/add_view
INFO: [ app_init ] --START--
INFO: Run Behavior\BuildLiteBehavior [ RunTime:0.000034s ]
INFO: [ app_init ] --END-- [ RunTime:0.000767s ]

[ 2015-08-17T14:04:04+08:00 ] 127.0.0.1 /xdkc/admin.php/Home/Category/show
INFO: [ app_init ] --START--
INFO: Run Behavior\BuildLiteBehavior [ RunTime:0.000033s ]
INFO: [ app_init ] --END-- [ RunTime:0.000770s ]

[ 2015-08-17T14:04:05+08:00 ] 127.0.0.1 /xdkc/admin.php/Home/User/user
INFO: [ app_init ] --START--
INFO: Run Behavior\BuildLiteBehavior [ RunTime:0.000069s ]
INFO: [ app_init ] --END-- [ RunTime:0.000864s ]

[ 2015-08-17T14:04:05+08:00 ] 127.0.0.1 /xdkc/admin.php/Home/Goods/add_view
INFO: [ app_init ] --START--
INFO: Run Behavior\BuildLiteBehavior [ RunTime:0.000034s ]
INFO: [ app_init ] --END-- [ RunTime:0.000860s ]

[ 2015-08-17T14:04:06+08:00 ] 127.0.0.1 /xdkc/admin.php/Home/Goods/show
INFO: [ app_init ] --START--
INFO: Run Behavior\BuildLiteBehavior [ RunTime:0.000044s ]
INFO: [ app_init ] --END-- [ RunTime:0.000963s ]

[ 2015-08-17T14:04:37+08:00 ] 127.0.0.1 /xdkc/admin.php/Home/Category/show
INFO: [ app_init ] --START--
INFO: Run Behavior\BuildLiteBehavior [ RunTime:0.000038s ]
INFO: [ app_init ] --END-- [ RunTime:0.001003s ]

[ 2015-08-17T14:04:38+08:00 ] 127.0.0.1 /xdkc/admin.php/Home/Category/add_view
INFO: [ app_init ] --START--
INFO: Run Behavior\BuildLiteBehavior [ RunTime:0.000039s ]
INFO: [ app_init ] --END-- [ RunTime:0.000904s ]

[ 2015-08-17T14:04:39+08:00 ] 127.0.0.1 /xdkc/admin.php/Home/Goods/show
INFO: [ app_init ] --START--
INFO: Run Behavior\BuildLiteBehavior [ RunTime:0.000035s ]
INFO: [ app_init ] --END-- [ RunTime:0.000772s ]

[ 2015-08-17T14:04:40+08:00 ] 127.0.0.1 /xdkc/admin.php/Home/Goods/add_view
INFO: [ app_init ] --START--
INFO: Run Behavior\BuildLiteBehavior [ RunTime:0.000045s ]
INFO: [ app_init ] --END-- [ RunTime:0.001002s ]

[ 2015-08-17T14:04:41+08:00 ] 127.0.0.1 /xdkc/admin.php/Home/User/user
INFO: [ app_init ] --START--
INFO: Run Behavior\BuildLiteBehavior [ RunTime:0.000035s ]
INFO: [ app_init ] --END-- [ RunTime:0.000923s ]

[ 2015-08-17T14:04:42+08:00 ] 127.0.0.1 /xdkc/admin.php/Home/Order/order
INFO: [ app_init ] --START--
INFO: Run Behavior\BuildLiteBehavior [ RunTime:0.000035s ]
INFO: [ app_init ] --END-- [ RunTime:0.000774s ]

[ 2015-08-17T14:04:46+08:00 ] 127.0.0.1 /xdkc/admin.php/Home/Order/order
INFO: [ app_init ] --START--
INFO: Run Behavior\BuildLiteBehavior [ RunTime:0.000039s ]
INFO: [ app_init ] --END-- [ RunTime:0.001937s ]

[ 2015-08-17T14:05:46+08:00 ] 127.0.0.1 /xdkc/admin.php/Home/Order/order
INFO: [ app_init ] --START--
INFO: Run Behavior\BuildLiteBehavior [ RunTime:0.000036s ]
INFO: [ app_init ] --END-- [ RunTime:0.000933s ]

[ 2015-08-17T14:05:59+08:00 ] 127.0.0.1 /xdkc/admin.php/Home/Order/order
INFO: [ app_init ] --START--
INFO: Run Behavior\BuildLiteBehavior [ RunTime:0.000035s ]
INFO: [ app_init ] --END-- [ RunTime:0.000757s ]

[ 2015-08-17T14:07:23+08:00 ] 127.0.0.1 /xdkc/admin.php/Home/User/user
INFO: [ app_init ] --START--
INFO: Run Behavior\BuildLiteBehavior [ RunTime:0.000034s ]
INFO: [ app_init ] --END-- [ RunTime:0.000778s ]

[ 2015-08-17T14:07:24+08:00 ] 127.0.0.1 /xdkc/admin.php/Home/Order/order
INFO: [ app_init ] --START--
INFO: Run Behavior\BuildLiteBehavior [ RunTime:0.000035s ]
INFO: [ app_init ] --END-- [ RunTime:0.000729s ]

[ 2015-08-17T14:07:24+08:00 ] 127.0.0.1 /xdkc/admin.php/Home/Order/order
INFO: [ app_init ] --START--
INFO: Run Behavior\BuildLiteBehavior [ RunTime:0.000042s ]
INFO: [ app_init ] --END-- [ RunTime:0.000929s ]

[ 2015-08-17T14:07:35+08:00 ] 127.0.0.1 /xdkc/admin.php/Home/User/user
INFO: [ app_init ] --START--
INFO: Run Behavior\BuildLiteBehavior [ RunTime:0.000032s ]
INFO: [ app_init ] --END-- [ RunTime:0.000674s ]

[ 2015-08-17T14:07:36+08:00 ] 127.0.0.1 /xdkc/admin.php/Home/Order/order
INFO: [ app_init ] --START--
INFO: Run Behavior\BuildLiteBehavior [ RunTime:0.000038s ]
INFO: [ app_init ] --END-- [ RunTime:0.000882s ]

[ 2015-08-17T14:08:23+08:00 ] 127.0.0.1 /xdkc/admin.php/Home/Order/order
INFO: [ app_init ] --START--
INFO: Run Behavior\BuildLiteBehavior [ RunTime:0.000034s ]
INFO: [ app_init ] --END-- [ RunTime:0.000750s ]

[ 2015-08-17T14:08:41+08:00 ] 127.0.0.1 /xdkc/admin.php/Home/Order/order
INFO: [ app_init ] --START--
INFO: Run Behavior\BuildLiteBehavior [ RunTime:0.000034s ]
INFO: [ app_init ] --END-- [ RunTime:0.000883s ]

[ 2015-08-17T14:09:06+08:00 ] 127.0.0.1 /xdkc/admin.php/Home/Order/order
INFO: [ app_init ] --START--
INFO: Run Behavior\BuildLiteBehavior [ RunTime:0.000036s ]
INFO: [ app_init ] --END-- [ RunTime:0.000789s ]

[ 2015-08-17T14:10:07+08:00 ] 127.0.0.1 /xdkc/admin.php/Home/Goods/add_view
INFO: [ app_init ] --START--
INFO: Run Behavior\BuildLiteBehavior [ RunTime:0.000033s ]
INFO: [ app_init ] --END-- [ RunTime:0.000737s ]

[ 2015-08-17T14:10:08+08:00 ] 127.0.0.1 /xdkc/admin.php/Home/User/user
INFO: [ app_init ] --START--
INFO: Run Behavior\BuildLiteBehavior [ RunTime:0.000035s ]
INFO: [ app_init ] --END-- [ RunTime:0.000814s ]

[ 2015-08-17T14:10:09+08:00 ] 127.0.0.1 /xdkc/admin.php/Home/Goods/add_view
INFO: [ app_init ] --START--
INFO: Run Behavior\BuildLiteBehavior [ RunTime:0.000035s ]
INFO: [ app_init ] --END-- [ RunTime:0.000898s ]

[ 2015-08-17T14:10:12+08:00 ] 127.0.0.1 /xdkc/admin.php/Home/Order/order
INFO: [ app_init ] --START--
INFO: Run Behavior\BuildLiteBehavior [ RunTime:0.000035s ]
INFO: [ app_init ] --END-- [ RunTime:0.000801s ]

[ 2015-08-17T14:11:13+08:00 ] 127.0.0.1 /xdkc/admin.php/Home/Order/order
INFO: [ app_init ] --START--
INFO: Run Behavior\BuildLiteBehavior [ RunTime:0.000034s ]
INFO: [ app_init ] --END-- [ RunTime:0.000711s ]

[ 2015-08-17T14:11:24+08:00 ] 127.0.0.1 /xdkc/admin.php/Home/Order/order
INFO: [ app_init ] --START--
INFO: Run Behavior\BuildLiteBehavior [ RunTime:0.000033s ]
INFO: [ app_init ] --END-- [ RunTime:0.000762s ]

[ 2015-08-17T14:11:40+08:00 ] 127.0.0.1 /xdkc/admin.php/Home/Order/order
INFO: [ app_init ] --START--
INFO: Run Behavior\BuildLiteBehavior [ RunTime:0.000036s ]
INFO: [ app_init ] --END-- [ RunTime:0.000830s ]

[ 2015-08-17T14:12:13+08:00 ] 127.0.0.1 /xdkc/admin.php/Home/Order/order
INFO: [ app_init ] --START--
INFO: Run Behavior\BuildLiteBehavior [ RunTime:0.000035s ]
INFO: [ app_init ] --END-- [ RunTime:0.000836s ]

[ 2015-08-17T14:12:13+08:00 ] 127.0.0.1 /xdkc/admin.php/Home/Order/order
INFO: [ app_init ] --START--
INFO: Run Behavior\BuildLiteBehavior [ RunTime:0.000041s ]
INFO: [ app_init ] --END-- [ RunTime:0.000933s ]

[ 2015-08-17T14:12:14+08:00 ] 127.0.0.1 /xdkc/admin.php/Home/Order/order
INFO: [ app_init ] --START--
INFO: Run Behavior\BuildLiteBehavior [ RunTime:0.000049s ]
INFO: [ app_init ] --END-- [ RunTime:0.000937s ]

[ 2015-08-17T14:12:14+08:00 ] 127.0.0.1 /xdkc/admin.php/Home/Order/order
INFO: [ app_init ] --START--
INFO: Run Behavior\BuildLiteBehavior [ RunTime:0.000035s ]
INFO: [ app_init ] --END-- [ RunTime:0.001286s ]

[ 2015-08-17T14:12:27+08:00 ] 127.0.0.1 /xdkc/admin.php/Home/Order/order
INFO: [ app_init ] --START--
INFO: Run Behavior\BuildLiteBehavior [ RunTime:0.000032s ]
INFO: [ app_init ] --END-- [ RunTime:0.000700s ]

[ 2015-08-17T14:12:57+08:00 ] 127.0.0.1 /xdkc/admin.php/Home/Order/order
INFO: [ app_init ] --START--
INFO: Run Behavior\BuildLiteBehavior [ RunTime:0.000062s ]
INFO: [ app_init ] --END-- [ RunTime:0.001742s ]

[ 2015-08-17T14:13:08+08:00 ] 127.0.0.1 /xdkc/admin.php/Home/Order/order
INFO: [ app_init ] --START--
INFO: Run Behavior\BuildLiteBehavior [ RunTime:0.000032s ]
INFO: [ app_init ] --END-- [ RunTime:0.000738s ]

[ 2015-08-17T14:13:48+08:00 ] 127.0.0.1 /xdkc/admin.php/Home/Category/show
INFO: [ app_init ] --START--
INFO: Run Behavior\BuildLiteBehavior [ RunTime:0.000034s ]
INFO: [ app_init ] --END-- [ RunTime:0.000718s ]

[ 2015-08-17T14:13:49+08:00 ] 127.0.0.1 /xdkc/admin.php/Home/Category/add_view
INFO: [ app_init ] --START--
INFO: Run Behavior\BuildLiteBehavior [ RunTime:0.000035s ]
INFO: [ app_init ] --END-- [ RunTime:0.000784s ]

[ 2015-08-17T14:13:49+08:00 ] 127.0.0.1 /xdkc/admin.php/Home/Goods/show
INFO: [ app_init ] --START--
INFO: Run Behavior\BuildLiteBehavior [ RunTime:0.000040s ]
INFO: [ app_init ] --END-- [ RunTime:0.000941s ]

[ 2015-08-17T14:13:50+08:00 ] 127.0.0.1 /xdkc/admin.php/Home/Goods/add_view
INFO: [ app_init ] --START--
INFO: Run Behavior\BuildLiteBehavior [ RunTime:0.000038s ]
INFO: [ app_init ] --END-- [ RunTime:0.001032s ]

[ 2015-08-17T14:13:51+08:00 ] 127.0.0.1 /xdkc/admin.php/Home/Order/order
INFO: [ app_init ] --START--
INFO: Run Behavior\BuildLiteBehavior [ RunTime:0.000041s ]
INFO: [ app_init ] --END-- [ RunTime:0.000947s ]

[ 2015-08-17T14:13:52+08:00 ] 127.0.0.1 /xdkc/admin.php/Home/Goods/show
INFO: [ app_init ] --START--
INFO: Run Behavior\BuildLiteBehavior [ RunTime:0.000134s ]
INFO: [ app_init ] --END-- [ RunTime:0.001011s ]

[ 2015-08-17T14:13:54+08:00 ] 127.0.0.1 /xdkc/admin.php/Home/Category/add_view
INFO: [ app_init ] --START--
INFO: Run Behavior\BuildLiteBehavior [ RunTime:0.000036s ]
INFO: [ app_init ] --END-- [ RunTime:0.000893s ]

[ 2015-08-17T14:13:54+08:00 ] 127.0.0.1 /xdkc/admin.php/Home/Category/show
INFO: [ app_init ] --START--
INFO: Run Behavior\BuildLiteBehavior [ RunTime:0.000034s ]
INFO: [ app_init ] --END-- [ RunTime:0.000771s ]

[ 2015-08-17T14:14:05+08:00 ] 127.0.0.1 /xdkc/admin.php/Home/Category/add_view
INFO: [ app_init ] --START--
INFO: Run Behavior\BuildLiteBehavior [ RunTime:0.000034s ]
INFO: [ app_init ] --END-- [ RunTime:0.000765s ]

[ 2015-08-17T14:14:05+08:00 ] 127.0.0.1 /xdkc/admin.php/Home/Category/show
INFO: [ app_init ] --START--
INFO: Run Behavior\BuildLiteBehavior [ RunTime:0.000033s ]
INFO: [ app_init ] --END-- [ RunTime:0.000749s ]

[ 2015-08-17T14:14:06+08:00 ] 127.0.0.1 /xdkc/admin.php/Home/Goods/show
INFO: [ app_init ] --START--
INFO: Run Behavior\BuildLiteBehavior [ RunTime:0.000087s ]
INFO: [ app_init ] --END-- [ RunTime:0.001093s ]

[ 2015-08-17T14:14:08+08:00 ] 127.0.0.1 /xdkc/admin.php/Home/Goods/add_view
INFO: [ app_init ] --START--
INFO: Run Behavior\BuildLiteBehavior [ RunTime:0.000043s ]
INFO: [ app_init ] --END-- [ RunTime:0.000992s ]

[ 2015-08-17T14:14:09+08:00 ] 127.0.0.1 /xdkc/admin.php/Home/User/user
INFO: [ app_init ] --START--
INFO: Run Behavior\BuildLiteBehavior [ RunTime:0.000032s ]
INFO: [ app_init ] --END-- [ RunTime:0.000820s ]

[ 2015-08-17T14:14:12+08:00 ] 127.0.0.1 /xdkc/admin.php/Home/Order/order
INFO: [ app_init ] --START--
INFO: Run Behavior\BuildLiteBehavior [ RunTime:0.000039s ]
INFO: [ app_init ] --END-- [ RunTime:0.000891s ]

[ 2015-08-17T14:14:13+08:00 ] 127.0.0.1 /xdkc/admin.php/Home/User/user
INFO: [ app_init ] --START--
INFO: Run Behavior\BuildLiteBehavior [ RunTime:0.000055s ]
INFO: [ app_init ] --END-- [ RunTime:0.000803s ]

[ 2015-08-17T14:14:13+08:00 ] 127.0.0.1 /xdkc/admin.php/Home/Goods/add_view
INFO: [ app_init ] --START--
INFO: Run Behavior\BuildLiteBehavior [ RunTime:0.000038s ]
INFO: [ app_init ] --END-- [ RunTime:0.000914s ]

[ 2015-08-17T14:14:14+08:00 ] 127.0.0.1 /xdkc/admin.php/Home/Goods/show
INFO: [ app_init ] --START--
INFO: Run Behavior\BuildLiteBehavior [ RunTime:0.000036s ]
INFO: [ app_init ] --END-- [ RunTime:0.000843s ]

[ 2015-08-17T14:14:14+08:00 ] 127.0.0.1 /xdkc/admin.php/Home/Category/add_view
INFO: [ app_init ] --START--
INFO: Run Behavior\BuildLiteBehavior [ RunTime:0.000042s ]
INFO: [ app_init ] --END-- [ RunTime:0.001009s ]

[ 2015-08-17T14:14:15+08:00 ] 127.0.0.1 /xdkc/admin.php/Home/Category/show
INFO: [ app_init ] --START--
INFO: Run Behavior\BuildLiteBehavior [ RunTime:0.000058s ]
INFO: [ app_init ] --END-- [ RunTime:0.000897s ]

[ 2015-08-17T14:14:15+08:00 ] 127.0.0.1 /xdkc/admin.php/Home/Category/add_view
INFO: [ app_init ] --START--
INFO: Run Behavior\BuildLiteBehavior [ RunTime:0.000033s ]
INFO: [ app_init ] --END-- [ RunTime:0.000776s ]

[ 2015-08-17T14:14:16+08:00 ] 127.0.0.1 /xdkc/admin.php/Home/Goods/show
INFO: [ app_init ] --START--
INFO: Run Behavior\BuildLiteBehavior [ RunTime:0.000035s ]
INFO: [ app_init ] --END-- [ RunTime:0.000884s ]

[ 2015-08-17T14:14:16+08:00 ] 127.0.0.1 /xdkc/admin.php/Home/Goods/add_view
INFO: [ app_init ] --START--
INFO: Run Behavior\BuildLiteBehavior [ RunTime:0.000038s ]
INFO: [ app_init ] --END-- [ RunTime:0.000836s ]

[ 2015-08-17T14:14:17+08:00 ] 127.0.0.1 /xdkc/admin.php/Home/User/user
INFO: [ app_init ] --START--
INFO: Run Behavior\BuildLiteBehavior [ RunTime:0.000038s ]
INFO: [ app_init ] --END-- [ RunTime:0.000845s ]

[ 2015-08-17T14:14:18+08:00 ] 127.0.0.1 /xdkc/admin.php/Home/Order/order
INFO: [ app_init ] --START--
INFO: Run Behavior\BuildLiteBehavior [ RunTime:0.000036s ]
INFO: [ app_init ] --END-- [ RunTime:0.000845s ]

[ 2015-08-17T14:14:19+08:00 ] 127.0.0.1 /xdkc/admin.php/Home/User/user
INFO: [ app_init ] --START--
INFO: Run Behavior\BuildLiteBehavior [ RunTime:0.000049s ]
INFO: [ app_init ] --END-- [ RunTime:0.000840s ]

[ 2015-08-17T14:14:20+08:00 ] 127.0.0.1 /xdkc/admin.php/Home/Goods/add_view
INFO: [ app_init ] --START--
INFO: Run Behavior\BuildLiteBehavior [ RunTime:0.000043s ]
INFO: [ app_init ] --END-- [ RunTime:0.001531s ]

[ 2015-08-17T14:14:20+08:00 ] 127.0.0.1 /xdkc/admin.php/Home/Goods/show
INFO: [ app_init ] --START--
INFO: Run Behavior\BuildLiteBehavior [ RunTime:0.000032s ]
INFO: [ app_init ] --END-- [ RunTime:0.000706s ]

[ 2015-08-17T14:14:21+08:00 ] 127.0.0.1 /xdkc/admin.php/Home/Category/add_view
INFO: [ app_init ] --START--
INFO: Run Behavior\BuildLiteBehavior [ RunTime:0.000068s ]
INFO: [ app_init ] --END-- [ RunTime:0.000768s ]

[ 2015-08-17T14:14:22+08:00 ] 127.0.0.1 /xdkc/admin.php/Home/Category/show
INFO: [ app_init ] --START--
INFO: Run Behavior\BuildLiteBehavior [ RunTime:0.000044s ]
INFO: [ app_init ] --END-- [ RunTime:0.001448s ]

[ 2015-08-17T14:14:22+08:00 ] 127.0.0.1 /xdkc/admin.php/Home/Category/add_view
INFO: [ app_init ] --START--
INFO: Run Behavior\BuildLiteBehavior [ RunTime:0.000113s ]
INFO: [ app_init ] --END-- [ RunTime:0.001359s ]

[ 2015-08-17T14:14:23+08:00 ] 127.0.0.1 /xdkc/admin.php/Home/Goods/show
INFO: [ app_init ] --START--
INFO: Run Behavior\BuildLiteBehavior [ RunTime:0.000034s ]
INFO: [ app_init ] --END-- [ RunTime:0.001036s ]

[ 2015-08-17T14:14:23+08:00 ] 127.0.0.1 /xdkc/admin.php/Home/Goods/add_view
INFO: [ app_init ] --START--
INFO: Run Behavior\BuildLiteBehavior [ RunTime:0.000041s ]
INFO: [ app_init ] --END-- [ RunTime:0.000962s ]

[ 2015-08-17T14:14:25+08:00 ] 127.0.0.1 /xdkc/admin.php/Home/User/user
INFO: [ app_init ] --START--
INFO: Run Behavior\BuildLiteBehavior [ RunTime:0.000042s ]
INFO: [ app_init ] --END-- [ RunTime:0.000984s ]

[ 2015-08-17T14:14:26+08:00 ] 127.0.0.1 /xdkc/admin.php/Home/Order/order
INFO: [ app_init ] --START--
INFO: Run Behavior\BuildLiteBehavior [ RunTime:0.000035s ]
INFO: [ app_init ] --END-- [ RunTime:0.000932s ]

[ 2015-08-17T14:14:27+08:00 ] 127.0.0.1 /xdkc/admin.php/Home/User/user
INFO: [ app_init ] --START--
INFO: Run Behavior\BuildLiteBehavior [ RunTime:0.000037s ]
INFO: [ app_init ] --END-- [ RunTime:0.000813s ]

[ 2015-08-17T14:14:28+08:00 ] 127.0.0.1 /xdkc/admin.php/Home/User/user
INFO: [ app_init ] --START--
INFO: Run Behavior\BuildLiteBehavior [ RunTime:0.000037s ]
INFO: [ app_init ] --END-- [ RunTime:0.000917s ]

[ 2015-08-17T14:14:29+08:00 ] 127.0.0.1 /xdkc/admin.php/Home/Order/order
INFO: [ app_init ] --START--
INFO: Run Behavior\BuildLiteBehavior [ RunTime:0.000034s ]
INFO: [ app_init ] --END-- [ RunTime:0.000802s ]

[ 2015-08-17T14:14:30+08:00 ] 127.0.0.1 /xdkc/admin.php/Home/User/user
INFO: [ app_init ] --START--
INFO: Run Behavior\BuildLiteBehavior [ RunTime:0.000041s ]
INFO: [ app_init ] --END-- [ RunTime:0.001082s ]

[ 2015-08-17T14:14:31+08:00 ] 127.0.0.1 /xdkc/admin.php/Home/Goods/add_view
INFO: [ app_init ] --START--
INFO: Run Behavior\BuildLiteBehavior [ RunTime:0.000036s ]
INFO: [ app_init ] --END-- [ RunTime:0.000874s ]

[ 2015-08-17T14:14:32+08:00 ] 127.0.0.1 /xdkc/admin.php/Home/Goods/show
INFO: [ app_init ] --START--
INFO: Run Behavior\BuildLiteBehavior [ RunTime:0.000043s ]
INFO: [ app_init ] --END-- [ RunTime:0.001042s ]

[ 2015-08-17T14:14:33+08:00 ] 127.0.0.1 /xdkc/admin.php/Home/Category/add_view
INFO: [ app_init ] --START--
INFO: Run Behavior\BuildLiteBehavior [ RunTime:0.000040s ]
INFO: [ app_init ] --END-- [ RunTime:0.000992s ]

[ 2015-08-17T14:14:34+08:00 ] 127.0.0.1 /xdkc/admin.php/Home/Category/show
INFO: [ app_init ] --START--
INFO: Run Behavior\BuildLiteBehavior [ RunTime:0.000048s ]
INFO: [ app_init ] --END-- [ RunTime:0.001117s ]

[ 2015-08-17T14:14:36+08:00 ] 127.0.0.1 /xdkc/admin.php/Home/Category/show
INFO: [ app_init ] --START--
INFO: Run Behavior\BuildLiteBehavior [ RunTime:0.000044s ]
INFO: [ app_init ] --END-- [ RunTime:0.001011s ]

[ 2015-08-17T14:14:38+08:00 ] 127.0.0.1 /xdkc/admin.php/Home/Category/add_view
INFO: [ app_init ] --START--
INFO: Run Behavior\BuildLiteBehavior [ RunTime:0.000043s ]
INFO: [ app_init ] --END-- [ RunTime:0.001045s ]

[ 2015-08-17T14:14:39+08:00 ] 127.0.0.1 /xdkc/admin.php/Home/Goods/show
INFO: [ app_init ] --START--
INFO: Run Behavior\BuildLiteBehavior [ RunTime:0.000034s ]
INFO: [ app_init ] --END-- [ RunTime:0.000824s ]

[ 2015-08-17T14:14:39+08:00 ] 127.0.0.1 /xdkc/admin.php/Home/Goods/add_view
INFO: [ app_init ] --START--
INFO: Run Behavior\BuildLiteBehavior [ RunTime:0.000038s ]
INFO: [ app_init ] --END-- [ RunTime:0.000957s ]

[ 2015-08-17T14:14:41+08:00 ] 127.0.0.1 /xdkc/admin.php/Home/User/user
INFO: [ app_init ] --START--
INFO: Run Behavior\BuildLiteBehavior [ RunTime:0.000038s ]
INFO: [ app_init ] --END-- [ RunTime:0.000848s ]

[ 2015-08-17T14:14:42+08:00 ] 127.0.0.1 /xdkc/admin.php/Home/Order/order
INFO: [ app_init ] --START--
INFO: Run Behavior\BuildLiteBehavior [ RunTime:0.000041s ]
INFO: [ app_init ] --END-- [ RunTime:0.000922s ]

[ 2015-08-17T14:14:43+08:00 ] 127.0.0.1 /xdkc/admin.php/Home/Order/order
INFO: [ app_init ] --START--
INFO: Run Behavior\BuildLiteBehavior [ RunTime:0.000041s ]
INFO: [ app_init ] --END-- [ RunTime:0.000983s ]

[ 2015-08-17T14:14:44+08:00 ] 127.0.0.1 /xdkc/admin.php/Home/Order/order
INFO: [ app_init ] --START--
INFO: Run Behavior\BuildLiteBehavior [ RunTime:0.000033s ]
INFO: [ app_init ] --END-- [ RunTime:0.000789s ]

[ 2015-08-17T14:14:47+08:00 ] 127.0.0.1 /xdkc/admin.php/Home/Order/order
INFO: [ app_init ] --START--
INFO: Run Behavior\BuildLiteBehavior [ RunTime:0.000042s ]
INFO: [ app_init ] --END-- [ RunTime:0.002538s ]

[ 2015-08-17T14:14:48+08:00 ] 127.0.0.1 /xdkc/admin.php/Home/User/user
INFO: [ app_init ] --START--
INFO: Run Behavior\BuildLiteBehavior [ RunTime:0.000041s ]
INFO: [ app_init ] --END-- [ RunTime:0.000875s ]

[ 2015-08-17T14:14:49+08:00 ] 127.0.0.1 /xdkc/admin.php/Home/Goods/add_view
INFO: [ app_init ] --START--
INFO: Run Behavior\BuildLiteBehavior [ RunTime:0.000037s ]
INFO: [ app_init ] --END-- [ RunTime:0.000804s ]

[ 2015-08-17T14:14:52+08:00 ] 127.0.0.1 /xdkc/admin.php/Home/Category/show
INFO: [ app_init ] --START--
INFO: Run Behavior\BuildLiteBehavior [ RunTime:0.000033s ]
INFO: [ app_init ] --END-- [ RunTime:0.000978s ]

[ 2015-08-17T14:14:54+08:00 ] 127.0.0.1 /xdkc/admin.php/Home/Category/consult/category_id/?category_id=1
INFO: [ app_init ] --START--
INFO: Run Behavior\BuildLiteBehavior [ RunTime:0.000034s ]
INFO: [ app_init ] --END-- [ RunTime:0.000874s ]

[ 2015-08-17T14:14:59+08:00 ] 127.0.0.1 /xdkc/admin.php/Home/Goods/show
INFO: [ app_init ] --START--
INFO: Run Behavior\BuildLiteBehavior [ RunTime:0.000036s ]
INFO: [ app_init ] --END-- [ RunTime:0.000749s ]

[ 2015-08-17T14:15:00+08:00 ] 127.0.0.1 /xdkc/admin.php/Home/Goods/add_view
INFO: [ app_init ] --START--
INFO: Run Behavior\BuildLiteBehavior [ RunTime:0.000038s ]
INFO: [ app_init ] --END-- [ RunTime:0.000937s ]

[ 2015-08-17T14:15:01+08:00 ] 127.0.0.1 /xdkc/admin.php/Home/User/user
INFO: [ app_init ] --START--
INFO: Run Behavior\BuildLiteBehavior [ RunTime:0.000035s ]
INFO: [ app_init ] --END-- [ RunTime:0.000987s ]

[ 2015-08-17T14:15:02+08:00 ] 127.0.0.1 /xdkc/admin.php/Home/Order/order
INFO: [ app_init ] --START--
INFO: Run Behavior\BuildLiteBehavior [ RunTime:0.000037s ]
INFO: [ app_init ] --END-- [ RunTime:0.000859s ]

[ 2015-08-17T14:15:03+08:00 ] 127.0.0.1 /xdkc/admin.php/Home/Order/order
INFO: [ app_init ] --START--
INFO: Run Behavior\BuildLiteBehavior [ RunTime:0.000032s ]
INFO: [ app_init ] --END-- [ RunTime:0.000725s ]

[ 2015-08-17T14:15:03+08:00 ] 127.0.0.1 /xdkc/admin.php/Home/User/user
INFO: [ app_init ] --START--
INFO: Run Behavior\BuildLiteBehavior [ RunTime:0.000038s ]
INFO: [ app_init ] --END-- [ RunTime:0.000891s ]

[ 2015-08-17T14:15:04+08:00 ] 127.0.0.1 /xdkc/admin.php/Home/Goods/add_view
INFO: [ app_init ] --START--
INFO: Run Behavior\BuildLiteBehavior [ RunTime:0.000032s ]
INFO: [ app_init ] --END-- [ RunTime:0.000791s ]

[ 2015-08-17T14:15:04+08:00 ] 127.0.0.1 /xdkc/admin.php/Home/Goods/show
INFO: [ app_init ] --START--
INFO: Run Behavior\BuildLiteBehavior [ RunTime:0.000033s ]
INFO: [ app_init ] --END-- [ RunTime:0.001110s ]

[ 2015-08-17T14:15:20+08:00 ] 127.0.0.1 /xdkc/admin.php/Home/Category/add_view
INFO: [ app_init ] --START--
INFO: Run Behavior\BuildLiteBehavior [ RunTime:0.000037s ]
INFO: [ app_init ] --END-- [ RunTime:0.000804s ]

[ 2015-08-17T14:15:21+08:00 ] 127.0.0.1 /xdkc/admin.php/Home/Category/show
INFO: [ app_init ] --START--
INFO: Run Behavior\BuildLiteBehavior [ RunTime:0.000039s ]
INFO: [ app_init ] --END-- [ RunTime:0.000944s ]

[ 2015-08-17T14:15:22+08:00 ] 127.0.0.1 /xdkc/admin.php/Home/Category/add_view
INFO: [ app_init ] --START--
INFO: Run Behavior\BuildLiteBehavior [ RunTime:0.000037s ]
INFO: [ app_init ] --END-- [ RunTime:0.000834s ]

[ 2015-08-17T14:19:17+08:00 ] 127.0.0.1 /xdkc/admin.php/Home/Order/order
INFO: [ app_init ] --START--
INFO: Run Behavior\BuildLiteBehavior [ RunTime:0.000035s ]
INFO: [ app_init ] --END-- [ RunTime:0.001003s ]

[ 2015-08-17T14:19:20+08:00 ] 127.0.0.1 /xdkc/admin.php/Home/Order/action.php?action=goods_take&indent_id=
INFO: [ app_init ] --START--
INFO: Run Behavior\BuildLiteBehavior [ RunTime:0.000034s ]
INFO: [ app_init ] --END-- [ RunTime:0.000891s ]
ERR: 非法操作:action.php

[ 2015-08-17T14:20:57+08:00 ] 127.0.0.1 /xdkc/admin.php/Home/Admin/admin
INFO: [ app_init ] --START--
INFO: Run Behavior\BuildLiteBehavior [ RunTime:0.000035s ]
INFO: [ app_init ] --END-- [ RunTime:0.000755s ]

[ 2015-08-17T14:20:58+08:00 ] 127.0.0.1 /xdkc/admin.php/Home/Admin/indent.php
INFO: [ app_init ] --START--
INFO: Run Behavior\BuildLiteBehavior [ RunTime:0.000033s ]
INFO: [ app_init ] --END-- [ RunTime:0.000730s ]
ERR: 非法操作:indent.php

[ 2015-08-17T14:31:43+08:00 ] 127.0.0.1 /xdkc/admin.php/Home/User/user
INFO: [ app_init ] --START--
INFO: Run Behavior\BuildLiteBehavior [ RunTime:0.000038s ]
INFO: [ app_init ] --END-- [ RunTime:0.000715s ]

[ 2015-08-17T14:31:44+08:00 ] 127.0.0.1 /xdkc/admin.php/Home/Category/show
INFO: [ app_init ] --START--
INFO: Run Behavior\BuildLiteBehavior [ RunTime:0.000037s ]
INFO: [ app_init ] --END-- [ RunTime:0.000762s ]

[ 2015-08-17T14:31:45+08:00 ] 127.0.0.1 /xdkc/admin.php/Home/Category/add_view
INFO: [ app_init ] --START--
INFO: Run Behavior\BuildLiteBehavior [ RunTime:0.000043s ]
INFO: [ app_init ] --END-- [ RunTime:0.000825s ]

[ 2015-08-17T14:31:46+08:00 ] 127.0.0.1 /xdkc/admin.php/Home/Category/show
INFO: [ app_init ] --START--
INFO: Run Behavior\BuildLiteBehavior [ RunTime:0.000037s ]
INFO: [ app_init ] --END-- [ RunTime:0.000672s ]

[ 2015-08-17T14:31:47+08:00 ] 127.0.0.1 /xdkc/admin.php/Home/Category/edit_view/category_id/1
INFO: [ app_init ] --START--
INFO: Run Behavior\BuildLiteBehavior [ RunTime:0.000047s ]
INFO: [ app_init ] --END-- [ RunTime:0.000983s ]

[ 2015-08-17T14:31:50+08:00 ] 127.0.0.1 /xdkc/admin.php/Home/Category/add_view
INFO: [ app_init ] --START--
INFO: Run Behavior\BuildLiteBehavior [ RunTime:0.000037s ]
INFO: [ app_init ] --END-- [ RunTime:0.000777s ]

[ 2015-08-17T14:31:51+08:00 ] 127.0.0.1 /xdkc/admin.php/Home/Goods/show
INFO: [ app_init ] --START--
INFO: Run Behavior\BuildLiteBehavior [ RunTime:0.000035s ]
INFO: [ app_init ] --END-- [ RunTime:0.000659s ]

[ 2015-08-17T14:31:52+08:00 ] 127.0.0.1 /xdkc/admin.php/Home/Goods/add_view
INFO: [ app_init ] --START--
INFO: Run Behavior\BuildLiteBehavior [ RunTime:0.000042s ]
INFO: [ app_init ] --END-- [ RunTime:0.000736s ]

[ 2015-08-17T14:31:53+08:00 ] 127.0.0.1 /xdkc/admin.php/Home/User/user
INFO: [ app_init ] --START--
INFO: Run Behavior\BuildLiteBehavior [ RunTime:0.000038s ]
INFO: [ app_init ] --END-- [ RunTime:0.000662s ]

[ 2015-08-17T14:31:55+08:00 ] 127.0.0.1 /xdkc/admin.php/Home/Order/order
INFO: [ app_init ] --START--
INFO: Run Behavior\BuildLiteBehavior [ RunTime:0.000036s ]
INFO: [ app_init ] --END-- [ RunTime:0.000700s ]

[ 2015-08-17T14:49:31+08:00 ] 127.0.0.1 /xdkc/admin.php/Home/Order/action.php?action=goods_take&indent_id=
INFO: [ app_init ] --START--
INFO: Run Behavior\BuildLiteBehavior [ RunTime:0.000033s ]
INFO: [ app_init ] --END-- [ RunTime:0.001043s ]
ERR: 非法操作:action.php

[ 2015-08-17T14:49:39+08:00 ] 127.0.0.1 /xdkc/admin.php/Home/Order/order
INFO: [ app_init ] --START--
INFO: Run Behavior\BuildLiteBehavior [ RunTime:0.000034s ]
INFO: [ app_init ] --END-- [ RunTime:0.000748s ]

[ 2015-08-17T14:49:41+08:00 ] 127.0.0.1 /xdkc/admin.php/Home/Order/status/order_id=38
INFO: [ app_init ] --START--
INFO: Run Behavior\BuildLiteBehavior [ RunTime:0.000033s ]
INFO: [ app_init ] --END-- [ RunTime:0.000891s ]
ERR: SQLSTATE[42000]: Syntax error or access violation: 1064 You have an error in your SQL syntax; check the manual that corresponds to your MySQL server version for the right syntax to use near ')' at line 1

[ 2015-08-17T14:50:39+08:00 ] 127.0.0.1 /xdkc/admin.php/Home/User/user
INFO: [ app_init ] --START--
INFO: Run Behavior\BuildLiteBehavior [ RunTime:0.000034s ]
INFO: [ app_init ] --END-- [ RunTime:0.000755s ]

[ 2015-08-17T14:50:41+08:00 ] 127.0.0.1 /xdkc/admin.php/Home/Order/order
INFO: [ app_init ] --START--
INFO: Run Behavior\BuildLiteBehavior [ RunTime:0.000034s ]
INFO: [ app_init ] --END-- [ RunTime:0.000761s ]

[ 2015-08-17T14:50:42+08:00 ] 127.0.0.1 /xdkc/admin.php/Home/Order/status/order_id=38
INFO: [ app_init ] --START--
INFO: Run Behavior\BuildLiteBehavior [ RunTime:0.000035s ]
INFO: [ app_init ] --END-- [ RunTime:0.000733s ]
ERR: SQLSTATE[42000]: Syntax error or access violation: 1064 You have an error in your SQL syntax; check the manual that corresponds to your MySQL server version for the right syntax to use near ')' at line 1

[ 2015-08-17T14:51:36+08:00 ] 127.0.0.1 /xdkc/admin.php/Home/Order/order
INFO: [ app_init ] --START--
INFO: Run Behavior\BuildLiteBehavior [ RunTime:0.000033s ]
INFO: [ app_init ] --END-- [ RunTime:0.000797s ]

[ 2015-08-17T14:51:37+08:00 ] 127.0.0.1 /xdkc/admin.php/Home/Order/status/order_id=38
INFO: [ app_init ] --START--
INFO: Run Behavior\BuildLiteBehavior [ RunTime:0.000042s ]
INFO: [ app_init ] --END-- [ RunTime:0.000956s ]
ERR: SQLSTATE[42000]: Syntax error or access violation: 1064 You have an error in your SQL syntax; check the manual that corresponds to your MySQL server version for the right syntax to use near ')' at line 1

[ 2015-08-17T14:52:28+08:00 ] 127.0.0.1 /xdkc/admin.php/Home/Order/order
INFO: [ app_init ] --START--
INFO: Run Behavior\BuildLiteBehavior [ RunTime:0.000035s ]
INFO: [ app_init ] --END-- [ RunTime:0.000762s ]

[ 2015-08-17T14:52:29+08:00 ] 127.0.0.1 /xdkc/admin.php/Home/Order/status/order_id=38
INFO: [ app_init ] --START--
INFO: Run Behavior\BuildLiteBehavior [ RunTime:0.000047s ]
INFO: [ app_init ] --END-- [ RunTime:0.001121s ]
ERR: SQLSTATE[42000]: Syntax error or access violation: 1064 You have an error in your SQL syntax; check the manual that corresponds to your MySQL server version for the right syntax to use near ')' at line 1

[ 2015-08-17T14:52:56+08:00 ] 127.0.0.1 /xdkc/admin.php/Home/Order/order
INFO: [ app_init ] --START--
INFO: Run Behavior\BuildLiteBehavior [ RunTime:0.000034s ]
INFO: [ app_init ] --END-- [ RunTime:0.000732s ]

[ 2015-08-17T14:52:58+08:00 ] 127.0.0.1 /xdkc/admin.php/Home/Order/status/order_id=38
INFO: [ app_init ] --START--
INFO: Run Behavior\BuildLiteBehavior [ RunTime:0.000036s ]
INFO: [ app_init ] --END-- [ RunTime:0.000784s ]

[ 2015-08-17T14:53:08+08:00 ] 127.0.0.1 /xdkc/admin.php/Home/Order/order
INFO: [ app_init ] --START--
INFO: Run Behavior\BuildLiteBehavior [ RunTime:0.000033s ]
INFO: [ app_init ] --END-- [ RunTime:0.000688s ]

[ 2015-08-17T14:53:09+08:00 ] 127.0.0.1 /xdkc/admin.php/Home/Order/status/order_id=38
INFO: [ app_init ] --START--
INFO: Run Behavior\BuildLiteBehavior [ RunTime:0.000035s ]
INFO: [ app_init ] --END-- [ RunTime:0.001483s ]
ERR: SQLSTATE[42000]: Syntax error or access violation: 1064 You have an error in your SQL syntax; check the manual that corresponds to your MySQL server version for the right syntax to use near ')' at line 1

[ 2015-08-17T14:54:12+08:00 ] 127.0.0.1 /xdkc/admin.php/Home/Order/order
INFO: [ app_init ] --START--
INFO: Run Behavior\BuildLiteBehavior [ RunTime:0.000033s ]
INFO: [ app_init ] --END-- [ RunTime:0.000724s ]

[ 2015-08-17T14:54:13+08:00 ] 127.0.0.1 /xdkc/admin.php/Home/Order/status/order_id=38
INFO: [ app_init ] --START--
INFO: Run Behavior\BuildLiteBehavior [ RunTime:0.000034s ]
INFO: [ app_init ] --END-- [ RunTime:0.000752s ]

[ 2015-08-17T14:55:19+08:00 ] 127.0.0.1 /xdkc/admin.php/Home/Order/order
INFO: [ app_init ] --START--
INFO: Run Behavior\BuildLiteBehavior [ RunTime:0.000034s ]
INFO: [ app_init ] --END-- [ RunTime:0.000738s ]

[ 2015-08-17T14:55:21+08:00 ] 127.0.0.1 /xdkc/admin.php/Home/Order/order
INFO: [ app_init ] --START--
INFO: Run Behavior\BuildLiteBehavior [ RunTime:0.000036s ]
INFO: [ app_init ] --END-- [ RunTime:0.000835s ]

[ 2015-08-17T14:55:29+08:00 ] 127.0.0.1 /xdkc/admin.php/Home/Order/order
INFO: [ app_init ] --START--
INFO: Run Behavior\BuildLiteBehavior [ RunTime:0.000032s ]
INFO: [ app_init ] --END-- [ RunTime:0.000708s ]

[ 2015-08-17T14:55:29+08:00 ] 127.0.0.1 /xdkc/admin.php/Home/Order/order
INFO: [ app_init ] --START--
INFO: Run Behavior\BuildLiteBehavior [ RunTime:0.000039s ]
INFO: [ app_init ] --END-- [ RunTime:0.000886s ]

[ 2015-08-17T14:55:33+08:00 ] 127.0.0.1 /xdkc/admin.php/Home/Order/status/order_id=88
INFO: [ app_init ] --START--
INFO: Run Behavior\BuildLiteBehavior [ RunTime:0.000040s ]
INFO: [ app_init ] --END-- [ RunTime:0.000878s ]

[ 2015-08-17T14:55:36+08:00 ] 127.0.0.1 /xdkc/admin.php/Home/Order/order
INFO: [ app_init ] --START--
INFO: Run Behavior\BuildLiteBehavior [ RunTime:0.000037s ]
INFO: [ app_init ] --END-- [ RunTime:0.000914s ]

[ 2015-08-17T14:55:37+08:00 ] 127.0.0.1 /xdkc/admin.php/Home/Order/status/order_id=88
INFO: [ app_init ] --START--
INFO: Run Behavior\BuildLiteBehavior [ RunTime:0.000032s ]
INFO: [ app_init ] --END-- [ RunTime:0.000645s ]

[ 2015-08-17T14:56:14+08:00 ] 127.0.0.1 /xdkc/admin.php/Home/Order/order
INFO: [ app_init ] --START--
INFO: Run Behavior\BuildLiteBehavior [ RunTime:0.000034s ]
INFO: [ app_init ] --END-- [ RunTime:0.000801s ]

[ 2015-08-17T14:56:15+08:00 ] 127.0.0.1 /xdkc/admin.php/Home/Order/status/order_id=88
INFO: [ app_init ] --START--
INFO: Run Behavior\BuildLiteBehavior [ RunTime:0.000036s ]
INFO: [ app_init ] --END-- [ RunTime:0.001485s ]

[ 2015-08-17T14:56:55+08:00 ] 127.0.0.1 /xdkc/admin.php/Home/Order/order
INFO: [ app_init ] --START--
INFO: Run Behavior\BuildLiteBehavior [ RunTime:0.000035s ]
INFO: [ app_init ] --END-- [ RunTime:0.000769s ]

[ 2015-08-17T14:56:59+08:00 ] 127.0.0.1 /xdkc/admin.php/Home/User/user
INFO: [ app_init ] --START--
INFO: Run Behavior\BuildLiteBehavior [ RunTime:0.000034s ]
INFO: [ app_init ] --END-- [ RunTime:0.000812s ]

[ 2015-08-17T14:57:01+08:00 ] 127.0.0.1 /xdkc/admin.php/Home/Order/order
INFO: [ app_init ] --START--
INFO: Run Behavior\BuildLiteBehavior [ RunTime:0.000039s ]
INFO: [ app_init ] --END-- [ RunTime:0.000816s ]

[ 2015-08-17T14:57:03+08:00 ] 127.0.0.1 /xdkc/admin.php/Home/Order/status/order_id=88
INFO: [ app_init ] --START--
INFO: Run Behavior\BuildLiteBehavior [ RunTime:0.000039s ]
INFO: [ app_init ] --END-- [ RunTime:0.000970s ]

[ 2015-08-17T14:58:25+08:00 ] 127.0.0.1 /xdkc/admin.php/Home/Order/order
INFO: [ app_init ] --START--
INFO: Run Behavior\BuildLiteBehavior [ RunTime:0.000035s ]
INFO: [ app_init ] --END-- [ RunTime:0.000769s ]

[ 2015-08-17T14:58:26+08:00 ] 127.0.0.1 /xdkc/admin.php/Home/Order/deliver/order_id=88
INFO: [ app_init ] --START--
INFO: Run Behavior\BuildLiteBehavior [ RunTime:0.000032s ]
INFO: [ app_init ] --END-- [ RunTime:0.000704s ]

[ 2015-08-17T14:59:11+08:00 ] 127.0.0.1 /xdkc/admin.php/Home/Order/order
INFO: [ app_init ] --START--
INFO: Run Behavior\BuildLiteBehavior [ RunTime:0.000034s ]
INFO: [ app_init ] --END-- [ RunTime:0.000752s ]

[ 2015-08-17T14:59:12+08:00 ] 127.0.0.1 /xdkc/admin.php/Home/Order/deliver/order_id/38
INFO: [ app_init ] --START--
INFO: Run Behavior\BuildLiteBehavior [ RunTime:0.000033s ]
INFO: [ app_init ] --END-- [ RunTime:0.000725s ]

[ 2015-08-17T14:59:30+08:00 ] 127.0.0.1 /xdkc/admin.php/Home/Order/order
INFO: [ app_init ] --START--
INFO: Run Behavior\BuildLiteBehavior [ RunTime:0.000034s ]
INFO: [ app_init ] --END-- [ RunTime:0.000821s ]

[ 2015-08-17T14:59:31+08:00 ] 127.0.0.1 /xdkc/admin.php/Home/Order/status/order_id/38
INFO: [ app_init ] --START--
INFO: Run Behavior\BuildLiteBehavior [ RunTime:0.000035s ]
INFO: [ app_init ] --END-- [ RunTime:0.000789s ]

[ 2015-08-17T15:05:34+08:00 ] 127.0.0.1 /xdkc/admin.php/Home/Order/order
INFO: [ app_init ] --START--
INFO: Run Behavior\BuildLiteBehavior [ RunTime:0.000034s ]
INFO: [ app_init ] --END-- [ RunTime:0.000692s ]

[ 2015-08-17T15:05:38+08:00 ] 127.0.0.1 /xdkc/admin.php/Home/Order/status/order_id/38
INFO: [ app_init ] --START--
INFO: Run Behavior\BuildLiteBehavior [ RunTime:0.000034s ]
INFO: [ app_init ] --END-- [ RunTime:0.000764s ]

[ 2015-08-17T15:06:00+08:00 ] 127.0.0.1 /xdkc/admin.php/Home/Order/order
INFO: [ app_init ] --START--
INFO: Run Behavior\BuildLiteBehavior [ RunTime:0.000032s ]
INFO: [ app_init ] --END-- [ RunTime:0.000722s ]

[ 2015-08-17T15:06:02+08:00 ] 127.0.0.1 /xdkc/admin.php/Home/Order/order
INFO: [ app_init ] --START--
INFO: Run Behavior\BuildLiteBehavior [ RunTime:0.000035s ]
INFO: [ app_init ] --END-- [ RunTime:0.000793s ]

[ 2015-08-17T15:06:03+08:00 ] 127.0.0.1 /xdkc/admin.php/Home/Order/status/order_id/38
INFO: [ app_init ] --START--
INFO: Run Behavior\BuildLiteBehavior [ RunTime:0.000035s ]
INFO: [ app_init ] --END-- [ RunTime:0.000800s ]

[ 2015-08-17T15:06:27+08:00 ] 127.0.0.1 /xdkc/admin.php/Home/Order/order
INFO: [ app_init ] --START--
INFO: Run Behavior\BuildLiteBehavior [ RunTime:0.000032s ]
INFO: [ app_init ] --END-- [ RunTime:0.000673s ]

[ 2015-08-17T15:06:28+08:00 ] 127.0.0.1 /xdkc/admin.php/Home/Order/status/order_id/38
INFO: [ app_init ] --START--
INFO: Run Behavior\BuildLiteBehavior [ RunTime:0.000037s ]
INFO: [ app_init ] --END-- [ RunTime:0.001398s ]

[ 2015-08-17T15:09:26+08:00 ] 127.0.0.1 /xdkc/admin.php/Home/Order/order
INFO: [ app_init ] --START--
INFO: Run Behavior\BuildLiteBehavior [ RunTime:0.000033s ]
INFO: [ app_init ] --END-- [ RunTime:0.000729s ]

[ 2015-08-17T15:09:28+08:00 ] 127.0.0.1 /xdkc/admin.php/Home/Order/status/order_id/38
INFO: [ app_init ] --START--
INFO: Run Behavior\BuildLiteBehavior [ RunTime:0.000036s ]
INFO: [ app_init ] --END-- [ RunTime:0.000814s ]

[ 2015-08-17T15:09:47+08:00 ] 127.0.0.1 /xdkc/admin.php/Home/Order/order
INFO: [ app_init ] --START--
INFO: Run Behavior\BuildLiteBehavior [ RunTime:0.000033s ]
INFO: [ app_init ] --END-- [ RunTime:0.000747s ]

[ 2015-08-17T15:12:23+08:00 ] 127.0.0.1 /xdkc/admin.php/Home/Order/status/order_id/37
INFO: [ app_init ] --START--
INFO: Run Behavior\BuildLiteBehavior [ RunTime:0.000034s ]
INFO: [ app_init ] --END-- [ RunTime:0.000783s ]

[ 2015-08-17T15:12:23+08:00 ] 127.0.0.1 /xdkc/admin.php/Home/Order/order.html
INFO: [ app_init ] --START--
INFO: Run Behavior\BuildLiteBehavior [ RunTime:0.000036s ]
INFO: [ app_init ] --END-- [ RunTime:0.000780s ]

[ 2015-08-17T15:22:30+08:00 ] 127.0.0.1 /xdkc/admin.php/Home/Category/show
INFO: [ app_init ] --START--
INFO: Run Behavior\BuildLiteBehavior [ RunTime:0.000042s ]
INFO: [ app_init ] --END-- [ RunTime:0.001079s ]

[ 2015-08-17T15:22:31+08:00 ] 127.0.0.1 /xdkc/admin.php/Home/Category/add_view
INFO: [ app_init ] --START--
INFO: Run Behavior\BuildLiteBehavior [ RunTime:0.000032s ]
INFO: [ app_init ] --END-- [ RunTime:0.000721s ]

[ 2015-08-17T15:22:32+08:00 ] 127.0.0.1 /xdkc/admin.php/Home/Goods/show
INFO: [ app_init ] --START--
INFO: Run Behavior\BuildLiteBehavior [ RunTime:0.000033s ]
INFO: [ app_init ] --END-- [ RunTime:0.000705s ]

[ 2015-08-17T15:22:33+08:00 ] 127.0.0.1 /xdkc/admin.php/Home/Goods/add_view
INFO: [ app_init ] --START--
INFO: Run Behavior\BuildLiteBehavior [ RunTime:0.000035s ]
INFO: [ app_init ] --END-- [ RunTime:0.000798s ]

[ 2015-08-17T15:22:34+08:00 ] 127.0.0.1 /xdkc/admin.php/Home/User/user
INFO: [ app_init ] --START--
INFO: Run Behavior\BuildLiteBehavior [ RunTime:0.000034s ]
INFO: [ app_init ] --END-- [ RunTime:0.000691s ]

[ 2015-08-17T15:22:34+08:00 ] 127.0.0.1 /xdkc/admin.php/Home/Order/order
INFO: [ app_init ] --START--
INFO: Run Behavior\BuildLiteBehavior [ RunTime:0.000035s ]
INFO: [ app_init ] --END-- [ RunTime:0.000783s ]

[ 2015-08-17T15:22:36+08:00 ] 127.0.0.1 /xdkc/admin.php/Home/User/user
INFO: [ app_init ] --START--
INFO: Run Behavior\BuildLiteBehavior [ RunTime:0.000033s ]
INFO: [ app_init ] --END-- [ RunTime:0.000784s ]

[ 2015-08-17T15:23:52+08:00 ] 127.0.0.1 /xdkc/admin.php/Home/Order/order
INFO: [ app_init ] --START--
INFO: Run Behavior\BuildLiteBehavior [ RunTime:0.000034s ]
INFO: [ app_init ] --END-- [ RunTime:0.000710s ]

[ 2015-08-17T15:24:52+08:00 ] 127.0.0.1 /xdkc/admin.php/Home/User/user
INFO: [ app_init ] --START--
INFO: Run Behavior\BuildLiteBehavior [ RunTime:0.000037s ]
INFO: [ app_init ] --END-- [ RunTime:0.000763s ]

[ 2015-08-17T15:24:54+08:00 ] 127.0.0.1 /xdkc/admin.php/Home/Order/order
INFO: [ app_init ] --START--
INFO: Run Behavior\BuildLiteBehavior [ RunTime:0.000042s ]
INFO: [ app_init ] --END-- [ RunTime:0.000951s ]

[ 2015-08-17T15:24:54+08:00 ] 127.0.0.1 /xdkc/admin.php/Home/User/user
INFO: [ app_init ] --START--
INFO: Run Behavior\BuildLiteBehavior [ RunTime:0.000035s ]
INFO: [ app_init ] --END-- [ RunTime:0.000770s ]

[ 2015-08-17T15:24:55+08:00 ] 127.0.0.1 /xdkc/admin.php/Home/Order/order
INFO: [ app_init ] --START--
INFO: Run Behavior\BuildLiteBehavior [ RunTime:0.000031s ]
INFO: [ app_init ] --END-- [ RunTime:0.000685s ]

[ 2015-08-17T15:27:42+08:00 ] 127.0.0.1 /xdkc/admin.php/Home/Admin/admin
INFO: [ app_init ] --START--
INFO: Run Behavior\BuildLiteBehavior [ RunTime:0.000036s ]
INFO: [ app_init ] --END-- [ RunTime:0.000756s ]

[ 2015-08-17T15:27:42+08:00 ] 127.0.0.1 /xdkc/admin.php/Home/Admin/indent.php
INFO: [ app_init ] --START--
INFO: Run Behavior\BuildLiteBehavior [ RunTime:0.000036s ]
INFO: [ app_init ] --END-- [ RunTime:0.000989s ]
ERR: 非法操作:indent.php

[ 2015-08-17T15:31:51+08:00 ] 127.0.0.1 /xdkc/admin.php/Home/Category/show
INFO: [ app_init ] --START--
INFO: Run Behavior\BuildLiteBehavior [ RunTime:0.000035s ]
INFO: [ app_init ] --END-- [ RunTime:0.001017s ]

[ 2015-08-17T15:31:52+08:00 ] 127.0.0.1 /xdkc/admin.php/Home/Category/add_view
INFO: [ app_init ] --START--
INFO: Run Behavior\BuildLiteBehavior [ RunTime:0.000036s ]
INFO: [ app_init ] --END-- [ RunTime:0.000903s ]

[ 2015-08-17T15:31:52+08:00 ] 127.0.0.1 /xdkc/admin.php/Home/Category/show
INFO: [ app_init ] --START--
INFO: Run Behavior\BuildLiteBehavior [ RunTime:0.000037s ]
INFO: [ app_init ] --END-- [ RunTime:0.000794s ]

[ 2015-08-17T15:31:53+08:00 ] 127.0.0.1 /xdkc/admin.php/Home/Category/add_view
INFO: [ app_init ] --START--
INFO: Run Behavior\BuildLiteBehavior [ RunTime:0.000035s ]
INFO: [ app_init ] --END-- [ RunTime:0.000728s ]

[ 2015-08-17T15:37:27+08:00 ] 127.0.0.1 /xdkc/admin.php/Home/Order/order
INFO: [ app_init ] --START--
INFO: Run Behavior\BuildLiteBehavior [ RunTime:0.000036s ]
INFO: [ app_init ] --END-- [ RunTime:0.001039s ]
ERR: XML标签语法错误 : condition="$<{$vo.total_price} eq 1 "

[ 2015-08-17T15:37:39+08:00 ] 127.0.0.1 /xdkc/admin.php/Home/Order/order
INFO: [ app_init ] --START--
INFO: Run Behavior\BuildLiteBehavior [ RunTime:0.000033s ]
INFO: [ app_init ] --END-- [ RunTime:0.000815s ]
ERR: XML标签语法错误 : condition="<{$vo.total_price} eq 1 "

[ 2015-08-17T15:38:13+08:00 ] 127.0.0.1 /xdkc/admin.php/Home/Order/order
INFO: [ app_init ] --START--
INFO: Run Behavior\BuildLiteBehavior [ RunTime:0.000036s ]
INFO: [ app_init ] --END-- [ RunTime:0.001018s ]
ERR: XML标签语法错误 : condition="<{$vo.order_status} eq 1 "

[ 2015-08-17T15:38:13+08:00 ] 127.0.0.1 /xdkc/admin.php/Home/Order/order
INFO: [ app_init ] --START--
INFO: Run Behavior\BuildLiteBehavior [ RunTime:0.000041s ]
INFO: [ app_init ] --END-- [ RunTime:0.000737s ]
ERR: XML标签语法错误 : condition="<{$vo.order_status} eq 1 "

[ 2015-08-17T15:38:15+08:00 ] 127.0.0.1 /xdkc/admin.php/Home/Admin/admin
INFO: [ app_init ] --START--
INFO: Run Behavior\BuildLiteBehavior [ RunTime:0.000033s ]
INFO: [ app_init ] --END-- [ RunTime:0.000737s ]

[ 2015-08-17T15:38:15+08:00 ] 127.0.0.1 /xdkc/admin.php/Home/Admin/indent.php
INFO: [ app_init ] --START--
INFO: Run Behavior\BuildLiteBehavior [ RunTime:0.000035s ]
INFO: [ app_init ] --END-- [ RunTime:0.000695s ]
ERR: 非法操作:indent.php

[ 2015-08-17T15:38:16+08:00 ] 127.0.0.1 /xdkc/admin.php/Home/Order/order
INFO: [ app_init ] --START--
INFO: Run Behavior\BuildLiteBehavior [ RunTime:0.000036s ]
INFO: [ app_init ] --END-- [ RunTime:0.000812s ]
ERR: XML标签语法错误 : condition="<{$vo.order_status} eq 1 "

[ 2015-08-17T15:38:45+08:00 ] 127.0.0.1 /xdkc/admin.php/Home/Order/order
INFO: [ app_init ] --START--
INFO: Run Behavior\BuildLiteBehavior [ RunTime:0.000037s ]
INFO: [ app_init ] --END-- [ RunTime:0.001568s ]

[ 2015-08-17T15:39:01+08:00 ] 127.0.0.1 /xdkc/admin.php/Home/Order/order
INFO: [ app_init ] --START--
INFO: Run Behavior\BuildLiteBehavior [ RunTime:0.000035s ]
INFO: [ app_init ] --END-- [ RunTime:0.001035s ]

[ 2015-08-17T15:40:47+08:00 ] 127.0.0.1 /xdkc/admin.php/Home/Order/order
INFO: [ app_init ] --START--
INFO: Run Behavior\BuildLiteBehavior [ RunTime:0.000037s ]
INFO: [ app_init ] --END-- [ RunTime:0.001153s ]
ERR: XML标签语法错误 : condition="<{$vo.total_price}

[ 2015-08-17T15:40:59+08:00 ] 127.0.0.1 /xdkc/admin.php/Home/Order/order
INFO: [ app_init ] --START--
INFO: Run Behavior\BuildLiteBehavior [ RunTime:0.000057s ]
INFO: [ app_init ] --END-- [ RunTime:0.000731s ]

[ 2015-08-17T15:41:37+08:00 ] 127.0.0.1 /xdkc/admin.php/Home/Order/order
INFO: [ app_init ] --START--
INFO: Run Behavior\BuildLiteBehavior [ RunTime:0.000034s ]
INFO: [ app_init ] --END-- [ RunTime:0.000759s ]

[ 2015-08-17T15:42:20+08:00 ] 127.0.0.1 /xdkc/admin.php/Home/Order/order
INFO: [ app_init ] --START--
INFO: Run Behavior\BuildLiteBehavior [ RunTime:0.000034s ]
INFO: [ app_init ] --END-- [ RunTime:0.000765s ]

[ 2015-08-17T15:44:02+08:00 ] 127.0.0.1 /xdkc/admin.php/Home/Order/order
INFO: [ app_init ] --START--
INFO: Run Behavior\BuildLiteBehavior [ RunTime:0.000035s ]
INFO: [ app_init ] --END-- [ RunTime:0.000778s ]

[ 2015-08-17T15:46:08+08:00 ] 127.0.0.1 /xdkc/admin.php/Home/Order/order
INFO: [ app_init ] --START--
INFO: Run Behavior\BuildLiteBehavior [ RunTime:0.000035s ]
INFO: [ app_init ] --END-- [ RunTime:0.000750s ]

[ 2015-08-17T15:46:12+08:00 ] 127.0.0.1 /xdkc/admin.php/Home/Order/order
INFO: [ app_init ] --START--
INFO: Run Behavior\BuildLiteBehavior [ RunTime:0.000034s ]
INFO: [ app_init ] --END-- [ RunTime:0.000758s ]

[ 2015-08-17T15:46:20+08:00 ] 127.0.0.1 /xdkc/admin.php/Home/Order/order
INFO: [ app_init ] --START--
INFO: Run Behavior\BuildLiteBehavior [ RunTime:0.000035s ]
INFO: [ app_init ] --END-- [ RunTime:0.000802s ]

[ 2015-08-17T15:46:21+08:00 ] 127.0.0.1 /xdkc/admin.php/Home/Order/order
INFO: [ app_init ] --START--
INFO: Run Behavior\BuildLiteBehavior [ RunTime:0.000038s ]
INFO: [ app_init ] --END-- [ RunTime:0.000927s ]

[ 2015-08-17T15:46:22+08:00 ] 127.0.0.1 /xdkc/admin.php/Home/Order/order
INFO: [ app_init ] --START--
INFO: Run Behavior\BuildLiteBehavior [ RunTime:0.000033s ]
INFO: [ app_init ] --END-- [ RunTime:0.000776s ]

[ 2015-08-17T15:46:22+08:00 ] 127.0.0.1 /xdkc/admin.php/Home/Order/order
INFO: [ app_init ] --START--
INFO: Run Behavior\BuildLiteBehavior [ RunTime:0.000032s ]
INFO: [ app_init ] --END-- [ RunTime:0.000697s ]

[ 2015-08-17T15:47:04+08:00 ] 127.0.0.1 /xdkc/admin.php/Home/Order/order
INFO: [ app_init ] --START--
INFO: Run Behavior\BuildLiteBehavior [ RunTime:0.000034s ]
INFO: [ app_init ] --END-- [ RunTime:0.000774s ]

[ 2015-08-17T15:52:59+08:00 ] 127.0.0.1 /xdkc/admin.php/Home/Admin/admin
INFO: [ app_init ] --START--
INFO: Run Behavior\BuildLiteBehavior [ RunTime:0.000035s ]
INFO: [ app_init ] --END-- [ RunTime:0.000730s ]

[ 2015-08-17T15:52:59+08:00 ] 127.0.0.1 /xdkc/admin.php/Home/Admin/indent.php
INFO: [ app_init ] --START--
INFO: Run Behavior\BuildLiteBehavior [ RunTime:0.000035s ]
INFO: [ app_init ] --END-- [ RunTime:0.000761s ]
ERR: 非法操作:indent.php

[ 2015-08-17T19:26:44+08:00 ] 127.0.0.1 /xdkc/admin.php/Home/Admin/admin
INFO: [ app_init ] --START--
INFO: Run Behavior\BuildLiteBehavior [ RunTime:0.000034s ]
INFO: [ app_init ] --END-- [ RunTime:0.000768s ]

[ 2015-08-17T19:26:44+08:00 ] 127.0.0.1 /xdkc/admin.php/Home/Admin/indent.php
INFO: [ app_init ] --START--
INFO: Run Behavior\BuildLiteBehavior [ RunTime:0.000036s ]
INFO: [ app_init ] --END-- [ RunTime:0.000886s ]
ERR: 非法操作:indent.php

[ 2015-08-17T19:26:46+08:00 ] 127.0.0.1 /xdkc/admin.php/Home/Order/order
INFO: [ app_init ] --START--
INFO: Run Behavior\BuildLiteBehavior [ RunTime:0.000037s ]
INFO: [ app_init ] --END-- [ RunTime:0.001015s ]

[ 2015-08-17T19:38:47+08:00 ] 127.0.0.1 /xdkc/admin.php/Home/Order/order
INFO: [ app_init ] --START--
INFO: Run Behavior\BuildLiteBehavior [ RunTime:0.000033s ]
INFO: [ app_init ] --END-- [ RunTime:0.000716s ]

[ 2015-08-17T19:38:48+08:00 ] 127.0.0.1 /xdkc/admin.php/Home/Order/order
INFO: [ app_init ] --START--
INFO: Run Behavior\BuildLiteBehavior [ RunTime:0.000045s ]
INFO: [ app_init ] --END-- [ RunTime:0.001032s ]

[ 2015-08-17T20:04:00+08:00 ] 127.0.0.1 /xdkc/admin.php/Home/Admin/admin
INFO: [ app_init ] --START--
INFO: Run Behavior\BuildLiteBehavior [ RunTime:0.000034s ]
INFO: [ app_init ] --END-- [ RunTime:0.000698s ]

[ 2015-08-17T20:04:01+08:00 ] 127.0.0.1 /xdkc/admin.php/Home/Admin/indent.php
INFO: [ app_init ] --START--
INFO: Run Behavior\BuildLiteBehavior [ RunTime:0.000035s ]
INFO: [ app_init ] --END-- [ RunTime:0.000832s ]
ERR: 非法操作:indent.php

[ 2015-08-17T20:04:03+08:00 ] 127.0.0.1 /xdkc/admin.php/Home/Order/order
INFO: [ app_init ] --START--
INFO: Run Behavior\BuildLiteBehavior [ RunTime:0.000033s ]
INFO: [ app_init ] --END-- [ RunTime:0.000703s ]

[ 2015-08-17T20:04:07+08:00 ] 127.0.0.1 /xdkc/admin.php/Home/Order/status/order_id/39
INFO: [ app_init ] --START--
INFO: Run Behavior\BuildLiteBehavior [ RunTime:0.000034s ]
INFO: [ app_init ] --END-- [ RunTime:0.000795s ]

[ 2015-08-17T20:04:07+08:00 ] 127.0.0.1 /xdkc/admin.php/Home/Order/order.html
INFO: [ app_init ] --START--
INFO: Run Behavior\BuildLiteBehavior [ RunTime:0.000035s ]
INFO: [ app_init ] --END-- [ RunTime:0.000792s ]

[ 2015-08-17T20:08:00+08:00 ] 127.0.0.1 /xdkc/admin.php/Home/Admin/admin
INFO: [ app_init ] --START--
INFO: Run Behavior\BuildLiteBehavior [ RunTime:0.000033s ]
INFO: [ app_init ] --END-- [ RunTime:0.000689s ]

[ 2015-08-17T20:08:00+08:00 ] 127.0.0.1 /xdkc/admin.php/Home/Admin/indent.php
INFO: [ app_init ] --START--
INFO: Run Behavior\BuildLiteBehavior [ RunTime:0.000035s ]
INFO: [ app_init ] --END-- [ RunTime:0.000752s ]
ERR: 非法操作:indent.php

[ 2015-08-17T20:08:02+08:00 ] 127.0.0.1 /xdkc/admin.php/Home/Order/order
INFO: [ app_init ] --START--
INFO: Run Behavior\BuildLiteBehavior [ RunTime:0.000041s ]
INFO: [ app_init ] --END-- [ RunTime:0.000869s ]

[ 2015-08-17T20:08:05+08:00 ] 127.0.0.1 /xdkc/admin.php/Home/Order/status/order_id/41
INFO: [ app_init ] --START--
INFO: Run Behavior\BuildLiteBehavior [ RunTime:0.000033s ]
INFO: [ app_init ] --END-- [ RunTime:0.000709s ]

[ 2015-08-17T20:08:05+08:00 ] 127.0.0.1 /xdkc/admin.php/Home/Order/order.html
INFO: [ app_init ] --START--
INFO: Run Behavior\BuildLiteBehavior [ RunTime:0.000033s ]
INFO: [ app_init ] --END-- [ RunTime:0.000717s ]

[ 2015-08-17T22:03:52+08:00 ] 127.0.0.1 /xdkc/admin.php/Home/Admin/admin
INFO: [ app_init ] --START--
INFO: Run Behavior\BuildLiteBehavior [ RunTime:0.000034s ]
INFO: [ app_init ] --END-- [ RunTime:0.000781s ]

[ 2015-08-17T22:03:52+08:00 ] 127.0.0.1 /xdkc/admin.php/Home/Admin/indent.php
INFO: [ app_init ] --START--
INFO: Run Behavior\BuildLiteBehavior [ RunTime:0.000034s ]
INFO: [ app_init ] --END-- [ RunTime:0.000666s ]
ERR: 非法操作:indent.php

[ 2015-08-17T22:03:54+08:00 ] 127.0.0.1 /xdkc/admin.php/Home/Order/order
INFO: [ app_init ] --START--
INFO: Run Behavior\BuildLiteBehavior [ RunTime:0.000039s ]
INFO: [ app_init ] --END-- [ RunTime:0.001014s ]

[ 2015-08-17T22:25:41+08:00 ] 127.0.0.1 /xdkc/admin.php/Home/Order/order
INFO: [ app_init ] --START--
INFO: Run Behavior\BuildLiteBehavior [ RunTime:0.000041s ]
INFO: [ app_init ] --END-- [ RunTime:0.000880s ]

[ 2015-08-17T22:27:08+08:00 ] 127.0.0.1 /xdkc/admin.php/Home/Order/status/order_id/36
INFO: [ app_init ] --START--
INFO: Run Behavior\BuildLiteBehavior [ RunTime:0.000039s ]
INFO: [ app_init ] --END-- [ RunTime:0.000717s ]

[ 2015-08-17T22:27:08+08:00 ] 127.0.0.1 /xdkc/admin.php/Home/Order/order.html
INFO: [ app_init ] --START--
INFO: Run Behavior\BuildLiteBehavior [ RunTime:0.000035s ]
INFO: [ app_init ] --END-- [ RunTime:0.000728s ]

